This file contains any messages produced by compilers while
running configure, to aid debugging if configure makes a mistake.

It was created by zlib configure 1.1.4, which was
generated by GNU Autoconf 2.69.  Invocation command line was

  $ /workspaces/http-ftp/devkitpro/.devkitARM/binutils-2.42/zlib/configure --srcdir=../../../binutils-2.42/zlib --cache-file=./config.cache --with-gnu-as --with-gnu-ld --prefix=/opt/devkitpro/devkitARM --disable-nls --disable-werror --enable-lto --enable-plugins --enable-poison-system-directories --program-transform-name=s&^&arm-none-eabi-& --disable-option-checking --build=x86_64-unknown-linux-gnu --host=x86_64-unknown-linux-gnu --target=arm-none-eabi

## --------- ##
## Platform. ##
## --------- ##

hostname = codespaces-2cc13b
uname -m = x86_64
uname -r = 6.5.0-1022-azure
uname -s = Linux
uname -v = #23~22.04.1-Ubuntu SMP Thu May  9 17:59:24 UTC 2024

/usr/bin/uname -p = x86_64
/bin/uname -X     = unknown

/bin/arch              = x86_64
/usr/bin/arch -k       = unknown
/usr/convex/getsysinfo = unknown
/usr/bin/hostinfo      = unknown
/bin/machine           = unknown
/usr/bin/oslevel       = unknown
/bin/universe          = unknown

PATH: /opt/devkitpro/devkitARM/bin
PATH: /usr/local/rvm/gems/ruby-3.2.4/bin
PATH: /usr/local/rvm/gems/ruby-3.2.4@global/bin
PATH: /usr/local/rvm/rubies/ruby-3.2.4/bin
PATH: /vscode/bin/linux-x64/5437499feb04f7a586f677b155b039bc2b3669eb/bin/remote-cli
PATH: /home/codespace/.local/bin
PATH: /home/codespace/.dotnet
PATH: /home/codespace/nvm/current/bin
PATH: /home/codespace/.php/current/bin
PATH: /home/codespace/.python/current/bin
PATH: /home/codespace/java/current/bin
PATH: /home/codespace/.ruby/current/bin
PATH: /home/codespace/.local/bin
PATH: /usr/local/python/current/bin
PATH: /usr/local/py-utils/bin
PATH: /usr/local/oryx
PATH: /usr/local/go/bin
PATH: /go/bin
PATH: /usr/local/sdkman/bin
PATH: /usr/local/sdkman/candidates/java/current/bin
PATH: /usr/local/sdkman/candidates/gradle/current/bin
PATH: /usr/local/sdkman/candidates/maven/current/bin
PATH: /usr/local/sdkman/candidates/ant/current/bin
PATH: /usr/local/rvm/gems/default/bin
PATH: /usr/local/rvm/gems/default@global/bin
PATH: /usr/local/rvm/rubies/default/bin
PATH: /usr/local/share/rbenv/bin
PATH: /usr/local/php/current/bin
PATH: /opt/conda/bin
PATH: /usr/local/nvs
PATH: /usr/local/share/nvm/versions/node/v20.14.0/bin
PATH: /usr/local/hugo/bin
PATH: /usr/local/sbin
PATH: /usr/local/bin
PATH: /usr/sbin
PATH: /usr/bin
PATH: /sbin
PATH: /bin
PATH: /usr/share/dotnet
PATH: /home/codespace/.dotnet/tools
PATH: /usr/local/rvm/bin


## ----------- ##
## Core tests. ##
## ----------- ##

configure:2151: creating cache ./config.cache
configure:2305: checking build system type
configure:2319: result: x86_64-unknown-linux-gnu
configure:2339: checking host system type
configure:2352: result: x86_64-unknown-linux-gnu
configure:2372: checking target system type
configure:2385: result: arm-none-eabi
configure:2433: checking for a BSD-compatible install
configure:2501: result: /usr/bin/install -c
configure:2512: checking whether build environment is sane
configure:2567: result: yes
configure:2716: checking for a thread-safe mkdir -p
configure:2755: result: /usr/bin/mkdir -p
configure:2762: checking for gawk
configure:2789: result: gawk
configure:2800: checking whether /usr/bin/make sets $(MAKE)
configure:2822: result: yes
configure:2851: checking whether /usr/bin/make supports nested variables
configure:2868: result: yes
configure:3005: checking whether /usr/bin/make supports nested variables
configure:3022: result: yes
configure:3035: checking whether to enable maintainer-specific portions of Makefiles
configure:3044: result: no
configure:3115: checking for x86_64-unknown-linux-gnu-gcc
configure:3142: result: gcc
configure:3411: checking for C compiler version
configure:3420: gcc --version >&5
gcc (Ubuntu 9.4.0-1ubuntu1~20.04.2) 9.4.0
Copyright (C) 2019 Free Software Foundation, Inc.
This is free software; see the source for copying conditions.  There is NO
warranty; not even for MERCHANTABILITY or FITNESS FOR A PARTICULAR PURPOSE.

configure:3431: $? = 0
configure:3420: gcc -v >&5
Using built-in specs.
COLLECT_GCC=gcc
COLLECT_LTO_WRAPPER=/usr/lib/gcc/x86_64-linux-gnu/9/lto-wrapper
OFFLOAD_TARGET_NAMES=nvptx-none:hsa
OFFLOAD_TARGET_DEFAULT=1
Target: x86_64-linux-gnu
Configured with: ../src/configure -v --with-pkgversion='Ubuntu 9.4.0-1ubuntu1~20.04.2' --with-bugurl=file:///usr/share/doc/gcc-9/README.Bugs --enable-languages=c,ada,c++,go,brig,d,fortran,objc,obj-c++,gm2 --prefix=/usr --with-gcc-major-version-only --program-suffix=-9 --program-prefix=x86_64-linux-gnu- --enable-shared --enable-linker-build-id --libexecdir=/usr/lib --without-included-gettext --enable-threads=posix --libdir=/usr/lib --enable-nls --enable-clocale=gnu --enable-libstdcxx-debug --enable-libstdcxx-time=yes --with-default-libstdcxx-abi=new --enable-gnu-unique-object --disable-vtable-verify --enable-plugin --enable-default-pie --with-system-zlib --with-target-system-zlib=auto --enable-objc-gc=auto --enable-multiarch --disable-werror --with-arch-32=i686 --with-abi=m64 --with-multilib-list=m32,m64,mx32 --enable-multilib --with-tune=generic --enable-offload-targets=nvptx-none=/build/gcc-9-9QDOt0/gcc-9-9.4.0/debian/tmp-nvptx/usr,hsa --without-cuda-driver --enable-checking=release --build=x86_64-linux-gnu --host=x86_64-linux-gnu --target=x86_64-linux-gnu
Thread model: posix
gcc version 9.4.0 (Ubuntu 9.4.0-1ubuntu1~20.04.2) 
configure:3431: $? = 0
configure:3420: gcc -V >&5
gcc: error: unrecognized command line option '-V'
gcc: fatal error: no input files
compilation terminated.
configure:3431: $? = 1
configure:3420: gcc -qversion >&5
gcc: error: unrecognized command line option '-qversion'; did you mean '--version'?
gcc: fatal error: no input files
compilation terminated.
configure:3431: $? = 1
configure:3447: gcc -o conftest -g -O2        conftest.c  >&5
configure:3450: $? = 0
configure:3479: checking whether the C compiler works
configure:3501: gcc -g -O2        conftest.c  >&5
configure:3505: $? = 0
configure:3553: result: yes
configure:3556: checking for C compiler default output file name
configure:3558: result: a.out
configure:3564: checking for suffix of executables
configure:3571: gcc -o conftest -g -O2        conftest.c  >&5
configure:3575: $? = 0
configure:3597: result: 
configure:3619: checking whether we are cross compiling
configure:3627: gcc -o conftest -g -O2        conftest.c  >&5
configure:3631: $? = 0
configure:3638: ./conftest
configure:3642: $? = 0
configure:3657: result: no
configure:3630: checking for suffix of object files
configure:3652: gcc -c -g -O2      conftest.c >&5
configure:3656: $? = 0
configure:3677: result: o
configure:3681: checking whether we are using the GNU C compiler
configure:3700: gcc -c -g -O2      conftest.c >&5
configure:3700: $? = 0
configure:3709: result: yes
configure:3718: checking whether gcc accepts -g
configure:3738: gcc -c -g  conftest.c >&5
configure:3738: $? = 0
configure:3779: result: yes
configure:3796: checking for gcc option to accept ISO C89
configure:3859: gcc  -c -g -O2      conftest.c >&5
configure:3859: $? = 0
configure:3872: result: none needed
configure:3897: checking whether gcc understands -c and -o together
configure:3919: gcc -c conftest.c -o conftest2.o
configure:3922: $? = 0
configure:3919: gcc -c conftest.c -o conftest2.o
configure:3922: $? = 0
configure:3934: result: yes
configure:3962: checking for style of include used by /usr/bin/make
configure:3990: result: GNU
configure:4016: checking dependency style of gcc
configure:4127: result: gcc3
configure:4192: checking how to print strings
configure:4219: result: printf
configure:4240: checking for a sed that does not truncate output
configure:4304: result: /usr/bin/sed
configure:4322: checking for grep that handles long lines and -e
configure:4380: result: /usr/bin/grep
configure:4385: checking for egrep
configure:4447: result: /usr/bin/grep -E
configure:4452: checking for fgrep
configure:4514: result: /usr/bin/grep -F
configure:4549: checking for ld used by gcc
configure:4616: result: ld
configure:4623: checking if the linker (ld) is GNU ld
configure:4638: result: yes
configure:4650: checking for BSD- or MS-compatible name lister (nm)
configure:4706: result: /usr/bin/nm -B
configure:4836: checking the name lister (/usr/bin/nm -B) interface
configure:4843: gcc -c -g -O2      conftest.c >&5
configure:4846: /usr/bin/nm -B "conftest.o"
configure:4849: output
0000000000000000 B some_variable
configure:4850: result: BSD nm
configure:4853: checking whether ln -s works
configure:4857: result: yes
configure:4865: checking the maximum length of command line arguments
configure:4990: result: 1572864
configure:5007: checking whether the shell understands some XSI constructs
configure:5016: result: yes
configure:5020: checking whether the shell understands "+="
configure:5024: result: yes
configure:5059: checking for ld option to reload object files
configure:5066: result: -r
configure:5095: checking for x86_64-unknown-linux-gnu-objdump
configure:5122: result: objdump
configure:5194: checking how to recognize dependent libraries
configure:5400: result: pass_all
configure:5433: checking for x86_64-unknown-linux-gnu-ar
configure:5460: result: ar --plugin /usr/lib/gcc/x86_64-linux-gnu/9/liblto_plugin.so
configure:5551: checking for x86_64-unknown-linux-gnu-strip
configure:5581: result: no
configure:5591: checking for strip
configure:5607: found /usr/bin/strip
configure:5618: result: strip
configure:5650: checking for x86_64-unknown-linux-gnu-ranlib
configure:5677: result: ranlib --plugin /usr/lib/gcc/x86_64-linux-gnu/9/liblto_plugin.so
configure:5824: checking command to parse /usr/bin/nm -B output from gcc object
configure:5942: gcc -c -g -O2      conftest.c >&5
configure:5945: $? = 0
configure:5949: /usr/bin/nm -B conftest.o \| sed -n -e 's/^.*[ ]\([ABCDGIRSTW][ABCDGIRSTW]*\)[ ][ ]*\([_A-Za-z][_A-Za-z0-9]*\)$/\1 \2 \2/p' \> conftest.nm
configure:5952: $? = 0
configure:6006: gcc -o conftest -g -O2        conftest.c conftstm.o >&5
configure:6009: $? = 0
configure:6047: result: ok
configure:6143: gcc -c -g -O2      conftest.c >&5
configure:6146: $? = 0
configure:6907: checking how to run the C preprocessor
configure:6938: gcc -E  conftest.c
configure:6938: $? = 0
configure:6952: gcc -E  conftest.c
conftest.c:11:10: fatal error: ac_nonexistent.h: No such file or directory
   11 | #include <ac_nonexistent.h>
      |          ^~~~~~~~~~~~~~~~~~
compilation terminated.
configure:6952: $? = 1
configure: failed program was:
| /* confdefs.h */
| #define PACKAGE_NAME "zlib"
| #define PACKAGE_TARNAME "zlib"
| #define PACKAGE_VERSION "1.1.4"
| #define PACKAGE_STRING "zlib 1.1.4"
| #define PACKAGE_BUGREPORT ""
| #define PACKAGE_URL ""
| #define PACKAGE "zlib"
| #define VERSION "1.1.4"
| /* end confdefs.h.  */
| #include <ac_nonexistent.h>
configure:6977: result: gcc -E
configure:6997: gcc -E  conftest.c
configure:6997: $? = 0
configure:7011: gcc -E  conftest.c
conftest.c:11:10: fatal error: ac_nonexistent.h: No such file or directory
   11 | #include <ac_nonexistent.h>
      |          ^~~~~~~~~~~~~~~~~~
compilation terminated.
configure:7011: $? = 1
configure: failed program was:
| /* confdefs.h */
| #define PACKAGE_NAME "zlib"
| #define PACKAGE_TARNAME "zlib"
| #define PACKAGE_VERSION "1.1.4"
| #define PACKAGE_STRING "zlib 1.1.4"
| #define PACKAGE_BUGREPORT ""
| #define PACKAGE_URL ""
| #define PACKAGE "zlib"
| #define VERSION "1.1.4"
| /* end confdefs.h.  */
| #include <ac_nonexistent.h>
configure:7040: checking for ANSI C header files
configure:7060: gcc -c -g -O2      conftest.c >&5
configure:7060: $? = 0
configure:7133: gcc -o conftest -g -O2        conftest.c  >&5
configure:7133: $? = 0
configure:7133: ./conftest
configure:7133: $? = 0
configure:7144: result: yes
configure:7157: checking for sys/types.h
configure:7157: gcc -c -g -O2      conftest.c >&5
configure:7157: $? = 0
configure:7157: result: yes
configure:7157: checking for sys/stat.h
configure:7157: gcc -c -g -O2      conftest.c >&5
configure:7157: $? = 0
configure:7157: result: yes
configure:7157: checking for stdlib.h
configure:7157: gcc -c -g -O2      conftest.c >&5
configure:7157: $? = 0
configure:7157: result: yes
configure:7157: checking for string.h
configure:7157: gcc -c -g -O2      conftest.c >&5
configure:7157: $? = 0
configure:7157: result: yes
configure:7157: checking for memory.h
configure:7157: gcc -c -g -O2      conftest.c >&5
configure:7157: $? = 0
configure:7157: result: yes
configure:7157: checking for strings.h
configure:7157: gcc -c -g -O2      conftest.c >&5
configure:7157: $? = 0
configure:7157: result: yes
configure:7157: checking for inttypes.h
configure:7157: gcc -c -g -O2      conftest.c >&5
configure:7157: $? = 0
configure:7157: result: yes
configure:7157: checking for stdint.h
configure:7157: gcc -c -g -O2      conftest.c >&5
configure:7157: $? = 0
configure:7157: result: yes
configure:7157: checking for unistd.h
configure:7157: gcc -c -g -O2      conftest.c >&5
configure:7157: $? = 0
configure:7157: result: yes
configure:7171: checking for dlfcn.h
configure:7171: gcc -c -g -O2      conftest.c >&5
configure:7171: $? = 0
configure:7171: result: yes
configure:7358: checking for objdir
configure:7373: result: .libs
configure:7644: checking if gcc supports -fno-rtti -fno-exceptions
configure:7662: gcc -c -g -O2      -fno-rtti -fno-exceptions conftest.c >&5
cc1: warning: command line option '-fno-rtti' is valid for C++/D/ObjC++ but not for C
configure:7666: $? = 0
configure:7679: result: no
configure:7699: checking for gcc option to produce PIC
configure:7985: result: -fPIC -DPIC
configure:7997: checking if gcc PIC flag -fPIC -DPIC works
configure:8015: gcc -c -g -O2      -fPIC -DPIC -DPIC conftest.c >&5
configure:8019: $? = 0
configure:8032: result: yes
configure:8056: checking if gcc static flag -static works
configure:8084: result: yes
configure:8099: checking if gcc supports -c -o file.o
configure:8120: gcc -c -g -O2      -o out/conftest2.o conftest.c >&5
configure:8124: $? = 0
configure:8146: result: yes
configure:8154: checking if gcc supports -c -o file.o
configure:8201: result: yes
configure:8234: checking whether the gcc linker (ld -m elf_x86_64) supports shared libraries
configure:9314: result: yes
configure:9351: checking whether -lc should be explicitly linked in
configure:9359: gcc -c -g -O2      conftest.c >&5
configure:9362: $? = 0
configure:9377: gcc -shared  -fPIC -DPIC conftest.o  -v -Wl,-soname -Wl,conftest -o conftest 2\>\&1 \| /usr/bin/grep  -lc  \>/dev/null 2\>\&1
configure:9380: $? = 0
configure:9394: result: no
configure:9559: checking dynamic linker characteristics
configure:10008: gcc -o conftest -g -O2        -Wl,-rpath -Wl,/foo conftest.c  >&5
configure:10008: $? = 0
configure:10249: result: GNU/Linux ld.so
configure:10356: checking how to hardcode library paths into programs
configure:10381: result: immediate
configure:10936: checking whether stripping libraries is possible
configure:10941: result: yes
configure:10976: checking if libtool supports shared libraries
configure:10978: result: yes
configure:10981: checking whether to build shared libraries
configure:11002: result: yes
configure:11005: checking whether to build static libraries
configure:11009: result: yes
configure:8158: checking how to run the C preprocessor
configure:8228: result: gcc -E
configure:8248: gcc -E  conftest.c
configure:8248: $? = 0
configure:8262: gcc -E  conftest.c
conftest.c:23:10: fatal error: ac_nonexistent.h: No such file or directory
   23 | #include <ac_nonexistent.h>
      |          ^~~~~~~~~~~~~~~~~~
compilation terminated.
configure:8262: $? = 1
configure: failed program was:
| /* confdefs.h */
| #define PACKAGE_NAME "zlib"
| #define PACKAGE_TARNAME "zlib"
| #define PACKAGE_VERSION "1.1.4"
| #define PACKAGE_STRING "zlib 1.1.4"
| #define PACKAGE_BUGREPORT ""
| #define PACKAGE_URL ""
| #define PACKAGE "zlib"
| #define VERSION "1.1.4"
| #define STDC_HEADERS 1
| #define HAVE_SYS_TYPES_H 1
| #define HAVE_SYS_STAT_H 1
| #define HAVE_STDLIB_H 1
| #define HAVE_STRING_H 1
| #define HAVE_MEMORY_H 1
| #define HAVE_STRINGS_H 1
| #define HAVE_INTTYPES_H 1
| #define HAVE_STDINT_H 1
| #define HAVE_UNISTD_H 1
| #define HAVE_DLFCN_H 1
| #define LT_OBJDIR ".libs/"
| /* end confdefs.h.  */
| #include <ac_nonexistent.h>
configure:8318: checking for stdlib.h
configure:8318: result: yes
configure:8318: checking for unistd.h
configure:8318: result: yes
configure:8318: checking for sys/param.h
configure:8318: gcc -c -g -O2      conftest.c >&5
configure:8318: $? = 0
configure:8318: result: yes
configure:8338: checking for getpagesize
configure:8338: gcc -o conftest -g -O2        conftest.c  >&5
configure:8338: $? = 0
configure:8338: result: yes
configure:8347: checking for working mmap
configure:8494: gcc -o conftest -g -O2        conftest.c  >&5
configure:8494: $? = 0
configure:8494: ./conftest
configure:8494: $? = 0
configure:8504: result: yes
configure:8517: checking for memcpy
configure:8517: gcc -o conftest -g -O2        conftest.c  >&5
conftest.c:51:6: warning: conflicting types for built-in function 'memcpy'; expected 'void *(void *, const void *, long unsigned int)' [-Wbuiltin-declaration-mismatch]
   51 | char memcpy ();
      |      ^~~~~~
conftest.c:39:1: note: 'memcpy' is declared in header '<string.h>'
   38 | # include <limits.h>
   39 | #else
configure:8517: $? = 0
configure:8517: result: yes
configure:8517: checking for strerror
configure:8517: gcc -o conftest -g -O2        conftest.c  >&5
configure:8517: $? = 0
configure:8517: result: yes
configure:8582: checking for unistd.h
configure:8582: result: yes
configure:8712: updating cache ./config.cache
configure:8792: checking that generated files are newer than configure
configure:8798: result: done
configure:8829: creating ./config.status

## ---------------------- ##
## Running config.status. ##
## ---------------------- ##

This file was extended by zlib config.status 1.1.4, which was
generated by GNU Autoconf 2.69.  Invocation command line was

  CONFIG_FILES    = 
  CONFIG_HEADERS  = 
  CONFIG_LINKS    = 
  CONFIG_COMMANDS = 
  $ ./config.status 

on codespaces-2cc13b

config.status:1019: creating Makefile
config.status:1176: executing depfiles commands
config.status:1176: executing libtool commands

## ---------------- ##
## Cache variables. ##
## ---------------- ##

ac_cv_build=x86_64-unknown-linux-gnu
ac_cv_c_compiler_gnu=yes
ac_cv_env_CPPFLAGS_set=
ac_cv_env_CPPFLAGS_value=
ac_cv_env_CPP_set=
ac_cv_env_CPP_value=
ac_cv_env_build_alias_set=set
ac_cv_env_build_alias_value=x86_64-unknown-linux-gnu
ac_cv_env_host_alias_set=set
ac_cv_env_host_alias_value=x86_64-unknown-linux-gnu
ac_cv_env_target_alias_set=set
ac_cv_env_target_alias_value=arm-none-eabi
ac_cv_func_getpagesize=yes
ac_cv_func_memcpy=yes
ac_cv_func_mmap_fixed_mapped=yes
ac_cv_func_strerror=yes
ac_cv_header_dlfcn_h=yes
ac_cv_header_inttypes_h=yes
ac_cv_header_memory_h=yes
ac_cv_header_stdc=yes
ac_cv_header_stdint_h=yes
ac_cv_header_stdlib_h=yes
ac_cv_header_string_h=yes
ac_cv_header_strings_h=yes
ac_cv_header_sys_param_h=yes
ac_cv_header_sys_stat_h=yes
ac_cv_header_sys_types_h=yes
ac_cv_header_unistd_h=yes
ac_cv_host=x86_64-unknown-linux-gnu
ac_cv_objext=o
ac_cv_path_EGREP='/usr/bin/grep -E'
ac_cv_path_FGREP='/usr/bin/grep -F'
ac_cv_path_GREP=/usr/bin/grep
ac_cv_path_SED=/usr/bin/sed
ac_cv_path_mkdir=/usr/bin/mkdir
ac_cv_prog_AR='ar --plugin /usr/lib/gcc/x86_64-linux-gnu/9/liblto_plugin.so'
ac_cv_prog_AWK=gawk
ac_cv_prog_CC=gcc
ac_cv_prog_CPP='gcc -E'
ac_cv_prog_OBJDUMP=objdump
ac_cv_prog_RANLIB='ranlib --plugin /usr/lib/gcc/x86_64-linux-gnu/9/liblto_plugin.so'
ac_cv_prog_ac_ct_STRIP=strip
ac_cv_prog_cc_c89=
ac_cv_prog_cc_g=yes
ac_cv_prog_make__usr_bin_make_set=yes
ac_cv_target=arm-none-eabi
am_cv_CC_dependencies_compiler_type=gcc3
am_cv_make_support_nested_variables=yes
am_cv_prog_cc_c_o=yes
lt_cv_archive_cmds_need_lc=no
lt_cv_deplibs_check_method=pass_all
lt_cv_file_magic_cmd='$MAGIC_CMD'
lt_cv_file_magic_test_file=
lt_cv_ld_reload_flag=-r
lt_cv_nm_interface='BSD nm'
lt_cv_objdir=.libs
lt_cv_path_LD=ld
lt_cv_path_NM='/usr/bin/nm -B'
lt_cv_prog_compiler_c_o=yes
lt_cv_prog_compiler_pic_works=yes
lt_cv_prog_compiler_rtti_exceptions=no
lt_cv_prog_compiler_static_works=yes
lt_cv_prog_gnu_ld=yes
lt_cv_shlibpath_overrides_runpath=yes
lt_cv_sys_global_symbol_pipe='sed -n -e '\''s/^.*[	 ]\([ABCDGIRSTW][ABCDGIRSTW]*\)[	 ][	 ]*\([_A-Za-z][_A-Za-z0-9]*\)$/\1 \2 \2/p'\'''
lt_cv_sys_global_symbol_to_c_name_address='sed -n -e '\''s/^: \([^ ]*\) $/  {\"\1\", (void *) 0},/p'\'' -e '\''s/^[ABCDGIRSTW]* \([^ ]*\) \([^ ]*\)$/  {"\2", (void *) \&\2},/p'\'''
lt_cv_sys_global_symbol_to_c_name_address_lib_prefix='sed -n -e '\''s/^: \([^ ]*\) $/  {\"\1\", (void *) 0},/p'\'' -e '\''s/^[ABCDGIRSTW]* \([^ ]*\) \(lib[^ ]*\)$/  {"\2", (void *) \&\2},/p'\'' -e '\''s/^[ABCDGIRSTW]* \([^ ]*\) \([^ ]*\)$/  {"lib\2", (void *) \&\2},/p'\'''
lt_cv_sys_global_symbol_to_cdecl='sed -n -e '\''s/^T .* \(.*\)$/extern int \1();/p'\'' -e '\''s/^[ABCDGIRSTW]* .* \(.*\)$/extern char \1;/p'\'''
lt_cv_sys_max_cmd_len=1572864

## ----------------- ##
## Output variables. ##
## ----------------- ##

ACLOCAL='${SHELL} /workspaces/http-ftp/devkitpro/.devkitARM/binutils-2.42/missing aclocal-1.15'
AMDEPBACKSLASH='\'
AMDEP_FALSE='#'
AMDEP_TRUE=''
AMTAR='$${TAR-tar}'
AM_BACKSLASH='\'
AM_DEFAULT_V='$(AM_DEFAULT_VERBOSITY)'
AM_DEFAULT_VERBOSITY='0'
AM_V='$(V)'
AR='ar --plugin /usr/lib/gcc/x86_64-linux-gnu/9/liblto_plugin.so --plugin /usr/lib/gcc/x86_64-linux-gnu/9/liblto_plugin.so'
AUTOCONF='${SHELL} /workspaces/http-ftp/devkitpro/.devkitARM/binutils-2.42/missing autoconf'
AUTOHEADER='${SHELL} /workspaces/http-ftp/devkitpro/.devkitARM/binutils-2.42/missing autoheader'
AUTOMAKE='${SHELL} /workspaces/http-ftp/devkitpro/.devkitARM/binutils-2.42/missing automake-1.15'
AWK='gawk'
CC='gcc'
CCDEPMODE='depmode=gcc3'
CFLAGS='-g -O2    '
COMPPATH='.'
CPP='gcc -E'
CPPFLAGS=''
CYGPATH_W='echo'
DEFS='-DPACKAGE_NAME=\"zlib\" -DPACKAGE_TARNAME=\"zlib\" -DPACKAGE_VERSION=\"1.1.4\" -DPACKAGE_STRING=\"zlib\ 1.1.4\" -DPACKAGE_BUGREPORT=\"\" -DPACKAGE_URL=\"\" -DPACKAGE=\"zlib\" -DVERSION=\"1.1.4\" -DSTDC_HEADERS=1 -DHAVE_SYS_TYPES_H=1 -DHAVE_SYS_STAT_H=1 -DHAVE_STDLIB_H=1 -DHAVE_STRING_H=1 -DHAVE_MEMORY_H=1 -DHAVE_STRINGS_H=1 -DHAVE_INTTYPES_H=1 -DHAVE_STDINT_H=1 -DHAVE_UNISTD_H=1 -DHAVE_DLFCN_H=1 -DLT_OBJDIR=\".libs/\" -DHAVE_STDLIB_H=1 -DHAVE_UNISTD_H=1 -DHAVE_SYS_PARAM_H=1 -DHAVE_GETPAGESIZE=1 -DHAVE_MMAP=1 -DHAVE_MEMCPY=1 -DHAVE_STRERROR=1 -DHAVE_UNISTD_H=1'
DEPDIR='.deps'
DSYMUTIL='dsymutil'
DUMPBIN=''
ECHO_C=''
ECHO_N='-n'
ECHO_T=''
EGREP='/usr/bin/grep -E'
EXEEXT=''
FGREP='/usr/bin/grep -F'
GREP='/usr/bin/grep'
INSTALL_DATA='/usr/bin/install -c -m 644'
INSTALL_PROGRAM='/usr/bin/install -c'
INSTALL_SCRIPT='/usr/bin/install -c'
INSTALL_STRIP_PROGRAM='$(install_sh) -c -s'
LD='ld -m elf_x86_64'
LDFLAGS=' '
LIBOBJS=''
LIBS=''
LIBTOOL='$(SHELL) $(top_builddir)/libtool'
LIPO=''
LN_S='ln -s'
LTLIBOBJS=''
MAINT='#'
MAINTAINER_MODE_FALSE=''
MAINTAINER_MODE_TRUE='#'
MAKEINFO='/workspaces/http-ftp/devkitpro/.devkitARM/binutils-2.42/missing makeinfo --split-size=5000000'
MKDIR_P='/usr/bin/mkdir -p'
NM='/usr/bin/nm -B'
NMEDIT=''
OBJDUMP='objdump'
OBJEXT='o'
OTOOL64=''
OTOOL='otool'
PACKAGE='zlib'
PACKAGE_BUGREPORT=''
PACKAGE_NAME='zlib'
PACKAGE_STRING='zlib 1.1.4'
PACKAGE_TARNAME='zlib'
PACKAGE_URL=''
PACKAGE_VERSION='1.1.4'
PATH_SEPARATOR=':'
PICFLAG=''
RANLIB='ranlib --plugin /usr/lib/gcc/x86_64-linux-gnu/9/liblto_plugin.so --plugin /usr/lib/gcc/x86_64-linux-gnu/9/liblto_plugin.so'
SED='/usr/bin/sed'
SET_MAKE=''
SHELL='/bin/bash'
STRIP='strip'
TARGET_LIBRARY_FALSE=''
TARGET_LIBRARY_TRUE='#'
VERSION='1.1.4'
ac_ct_CC=''
ac_ct_DUMPBIN=''
am__EXEEXT_FALSE=''
am__EXEEXT_TRUE='#'
am__fastdepCC_FALSE='#'
am__fastdepCC_TRUE=''
am__include='include'
am__isrc=' -I$(srcdir)'
am__leading_dot='.'
am__nodep='_no'
am__quote=''
am__tar='$${TAR-tar} chof - "$$tardir"'
am__untar='$${TAR-tar} xf -'
bindir='${exec_prefix}/bin'
build='x86_64-unknown-linux-gnu'
build_alias='x86_64-unknown-linux-gnu'
build_cpu='x86_64'
build_os='linux-gnu'
build_vendor='unknown'
datadir='${datarootdir}'
datarootdir='${prefix}/share'
docdir='${datarootdir}/doc/${PACKAGE_TARNAME}'
dvidir='${docdir}'
enable_host_pie=''
enable_host_shared=''
exec_prefix='${prefix}'
host='x86_64-unknown-linux-gnu'
host_alias='x86_64-unknown-linux-gnu'
host_cpu='x86_64'
host_os='linux-gnu'
host_vendor='unknown'
htmldir='${docdir}'
includedir='${prefix}/include'
infodir='${datarootdir}/info'
install_sh='${SHELL} /workspaces/http-ftp/devkitpro/.devkitARM/binutils-2.42/install-sh'
libdir='${exec_prefix}/lib'
libexecdir='${exec_prefix}/libexec'
localedir='${datarootdir}/locale'
localstatedir='${prefix}/var'
mandir='${datarootdir}/man'
mkdir_p='$(MKDIR_P)'
mkinstalldirs='/workspaces/http-ftp/devkitpro/.devkitARM/binutils-2.42/mkinstalldirs'
multi_basedir=''
oldincludedir='/usr/include'
pdfdir='${docdir}'
prefix='/opt/devkitpro/devkitARM'
program_transform_name='s&^&arm-none-eabi-&'
psdir='${docdir}'
sbindir='${exec_prefix}/sbin'
sharedstatedir='${prefix}/com'
sysconfdir='${prefix}/etc'
target='arm-none-eabi'
target_alias='arm-none-eabi'
target_all='libzgcj.la'
target_cpu='arm'
target_os='eabi'
target_vendor='none'
toolexecdir='$(libdir)/gcc-lib/$(target_alias)'
toolexeclibdir='$(libdir)/../lib'

## ----------- ##
## confdefs.h. ##
## ----------- ##

/* confdefs.h */
#define PACKAGE_NAME "zlib"
#define PACKAGE_TARNAME "zlib"
#define PACKAGE_VERSION "1.1.4"
#define PACKAGE_STRING "zlib 1.1.4"
#define PACKAGE_BUGREPORT ""
#define PACKAGE_URL ""
#define PACKAGE "zlib"
#define VERSION "1.1.4"
#define STDC_HEADERS 1
#define HAVE_SYS_TYPES_H 1
#define HAVE_SYS_STAT_H 1
#define HAVE_STDLIB_H 1
#define HAVE_STRING_H 1
#define HAVE_MEMORY_H 1
#define HAVE_STRINGS_H 1
#define HAVE_INTTYPES_H 1
#define HAVE_STDINT_H 1
#define HAVE_UNISTD_H 1
#define HAVE_DLFCN_H 1
#define LT_OBJDIR ".libs/"
#define HAVE_STDLIB_H 1
#define HAVE_UNISTD_H 1
#define HAVE_SYS_PARAM_H 1
#define HAVE_GETPAGESIZE 1
#define HAVE_MMAP 1
#define HAVE_MEMCPY 1
#define HAVE_STRERROR 1
#define HAVE_UNISTD_H 1

configure: exit 0
