This file contains any messages produced by compilers while
running configure, to aid debugging if configure makes a mistake.

It was created by libsframe configure BFD_VERSION, which was
generated by GNU Autoconf 2.69.  Invocation command line was

  $ /workspaces/http-ftp/devkitpro/.devkitARM/binutils-2.42/libsframe/configure --srcdir=../../../binutils-2.42/libsframe --cache-file=./config.cache --with-gnu-as --with-gnu-ld --prefix=/opt/devkitpro/devkitARM --disable-nls --disable-werror --enable-lto --enable-plugins --enable-poison-system-directories --program-transform-name=s&^&arm-none-eabi-& --disable-option-checking --build=x86_64-unknown-linux-gnu --host=x86_64-unknown-linux-gnu --target=arm-none-eabi

## --------- ##
## Platform. ##
## --------- ##

hostname = codespaces-2cc13b
uname -m = x86_64
uname -r = 6.5.0-1022-azure
uname -s = Linux
uname -v = #23~22.04.1-Ubuntu SMP Thu May  9 17:59:24 UTC 2024

/usr/bin/uname -p = x86_64
/bin/uname -X     = unknown

/bin/arch              = x86_64
/usr/bin/arch -k       = unknown
/usr/convex/getsysinfo = unknown
/usr/bin/hostinfo      = unknown
/bin/machine           = unknown
/usr/bin/oslevel       = unknown
/bin/universe          = unknown

PATH: /opt/devkitpro/devkitARM/bin
PATH: /usr/local/rvm/gems/ruby-3.2.4/bin
PATH: /usr/local/rvm/gems/ruby-3.2.4@global/bin
PATH: /usr/local/rvm/rubies/ruby-3.2.4/bin
PATH: /vscode/bin/linux-x64/5437499feb04f7a586f677b155b039bc2b3669eb/bin/remote-cli
PATH: /home/codespace/.local/bin
PATH: /home/codespace/.dotnet
PATH: /home/codespace/nvm/current/bin
PATH: /home/codespace/.php/current/bin
PATH: /home/codespace/.python/current/bin
PATH: /home/codespace/java/current/bin
PATH: /home/codespace/.ruby/current/bin
PATH: /home/codespace/.local/bin
PATH: /usr/local/python/current/bin
PATH: /usr/local/py-utils/bin
PATH: /usr/local/oryx
PATH: /usr/local/go/bin
PATH: /go/bin
PATH: /usr/local/sdkman/bin
PATH: /usr/local/sdkman/candidates/java/current/bin
PATH: /usr/local/sdkman/candidates/gradle/current/bin
PATH: /usr/local/sdkman/candidates/maven/current/bin
PATH: /usr/local/sdkman/candidates/ant/current/bin
PATH: /usr/local/rvm/gems/default/bin
PATH: /usr/local/rvm/gems/default@global/bin
PATH: /usr/local/rvm/rubies/default/bin
PATH: /usr/local/share/rbenv/bin
PATH: /usr/local/php/current/bin
PATH: /opt/conda/bin
PATH: /usr/local/nvs
PATH: /usr/local/share/nvm/versions/node/v20.14.0/bin
PATH: /usr/local/hugo/bin
PATH: /usr/local/sbin
PATH: /usr/local/bin
PATH: /usr/sbin
PATH: /usr/bin
PATH: /sbin
PATH: /bin
PATH: /usr/share/dotnet
PATH: /home/codespace/.dotnet/tools
PATH: /usr/local/rvm/bin


## ----------- ##
## Core tests. ##
## ----------- ##

configure:2190: creating cache ./config.cache
configure:2310: checking for x86_64-unknown-linux-gnu-gcc
configure:2337: result: gcc
configure:2606: checking for C compiler version
configure:2615: gcc --version >&5
gcc (Ubuntu 9.4.0-1ubuntu1~20.04.2) 9.4.0
Copyright (C) 2019 Free Software Foundation, Inc.
This is free software; see the source for copying conditions.  There is NO
warranty; not even for MERCHANTABILITY or FITNESS FOR A PARTICULAR PURPOSE.

configure:2626: $? = 0
configure:2615: gcc -v >&5
Using built-in specs.
COLLECT_GCC=gcc
COLLECT_LTO_WRAPPER=/usr/lib/gcc/x86_64-linux-gnu/9/lto-wrapper
OFFLOAD_TARGET_NAMES=nvptx-none:hsa
OFFLOAD_TARGET_DEFAULT=1
Target: x86_64-linux-gnu
Configured with: ../src/configure -v --with-pkgversion='Ubuntu 9.4.0-1ubuntu1~20.04.2' --with-bugurl=file:///usr/share/doc/gcc-9/README.Bugs --enable-languages=c,ada,c++,go,brig,d,fortran,objc,obj-c++,gm2 --prefix=/usr --with-gcc-major-version-only --program-suffix=-9 --program-prefix=x86_64-linux-gnu- --enable-shared --enable-linker-build-id --libexecdir=/usr/lib --without-included-gettext --enable-threads=posix --libdir=/usr/lib --enable-nls --enable-clocale=gnu --enable-libstdcxx-debug --enable-libstdcxx-time=yes --with-default-libstdcxx-abi=new --enable-gnu-unique-object --disable-vtable-verify --enable-plugin --enable-default-pie --with-system-zlib --with-target-system-zlib=auto --enable-objc-gc=auto --enable-multiarch --disable-werror --with-arch-32=i686 --with-abi=m64 --with-multilib-list=m32,m64,mx32 --enable-multilib --with-tune=generic --enable-offload-targets=nvptx-none=/build/gcc-9-9QDOt0/gcc-9-9.4.0/debian/tmp-nvptx/usr,hsa --without-cuda-driver --enable-checking=release --build=x86_64-linux-gnu --host=x86_64-linux-gnu --target=x86_64-linux-gnu
Thread model: posix
gcc version 9.4.0 (Ubuntu 9.4.0-1ubuntu1~20.04.2) 
configure:2626: $? = 0
configure:2615: gcc -V >&5
gcc: error: unrecognized command line option '-V'
gcc: fatal error: no input files
compilation terminated.
configure:2626: $? = 1
configure:2615: gcc -qversion >&5
gcc: error: unrecognized command line option '-qversion'; did you mean '--version'?
gcc: fatal error: no input files
compilation terminated.
configure:2626: $? = 1
configure:2646: checking whether the C compiler works
configure:2668: gcc -g -O2        conftest.c  >&5
configure:2672: $? = 0
configure:2720: result: yes
configure:2723: checking for C compiler default output file name
configure:2725: result: a.out
configure:2731: checking for suffix of executables
configure:2738: gcc -o conftest -g -O2        conftest.c  >&5
configure:2742: $? = 0
configure:2764: result: 
configure:2786: checking whether we are cross compiling
configure:2794: gcc -o conftest -g -O2        conftest.c  >&5
configure:2798: $? = 0
configure:2805: ./conftest
configure:2809: $? = 0
configure:2797: result: no
configure:2802: checking for suffix of object files
configure:2824: gcc -c -g -O2      conftest.c >&5
configure:2828: $? = 0
configure:2849: result: o
configure:2853: checking whether we are using the GNU C compiler
configure:2872: gcc -c -g -O2      conftest.c >&5
configure:2872: $? = 0
configure:2881: result: yes
configure:2890: checking whether gcc accepts -g
configure:2910: gcc -c -g  conftest.c >&5
configure:2910: $? = 0
configure:2951: result: yes
configure:2968: checking for gcc option to accept ISO C89
configure:3031: gcc  -c -g -O2      conftest.c >&5
configure:3031: $? = 0
configure:3044: result: none needed
configure:3069: checking whether gcc understands -c and -o together
configure:3091: gcc -c conftest.c -o conftest2.o
configure:3094: $? = 0
configure:3091: gcc -c conftest.c -o conftest2.o
configure:3094: $? = 0
configure:3106: result: yes
configure:3129: checking how to run the C preprocessor
configure:3160: gcc -E  conftest.c
configure:3160: $? = 0
configure:3174: gcc -E  conftest.c
conftest.c:9:10: fatal error: ac_nonexistent.h: No such file or directory
    9 | #include <ac_nonexistent.h>
      |          ^~~~~~~~~~~~~~~~~~
compilation terminated.
configure:3174: $? = 1
configure: failed program was:
| /* confdefs.h */
| #define PACKAGE_NAME "libsframe"
| #define PACKAGE_TARNAME "libsframe"
| #define PACKAGE_VERSION "BFD_VERSION"
| #define PACKAGE_STRING "libsframe BFD_VERSION"
| #define PACKAGE_BUGREPORT ""
| #define PACKAGE_URL ""
| /* end confdefs.h.  */
| #include <ac_nonexistent.h>
configure:3199: result: gcc -E
configure:3219: gcc -E  conftest.c
configure:3219: $? = 0
configure:3233: gcc -E  conftest.c
conftest.c:9:10: fatal error: ac_nonexistent.h: No such file or directory
    9 | #include <ac_nonexistent.h>
      |          ^~~~~~~~~~~~~~~~~~
compilation terminated.
configure:3233: $? = 1
configure: failed program was:
| /* confdefs.h */
| #define PACKAGE_NAME "libsframe"
| #define PACKAGE_TARNAME "libsframe"
| #define PACKAGE_VERSION "BFD_VERSION"
| #define PACKAGE_STRING "libsframe BFD_VERSION"
| #define PACKAGE_BUGREPORT ""
| #define PACKAGE_URL ""
| /* end confdefs.h.  */
| #include <ac_nonexistent.h>
configure:3262: checking for grep that handles long lines and -e
configure:3320: result: /usr/bin/grep
configure:3325: checking for egrep
configure:3387: result: /usr/bin/grep -E
configure:3392: checking for ANSI C header files
configure:3412: gcc -c -g -O2      conftest.c >&5
configure:3412: $? = 0
configure:3485: gcc -o conftest -g -O2        conftest.c  >&5
configure:3485: $? = 0
configure:3485: ./conftest
configure:3485: $? = 0
configure:3496: result: yes
configure:3509: checking for sys/types.h
configure:3509: gcc -c -g -O2      conftest.c >&5
configure:3509: $? = 0
configure:3509: result: yes
configure:3509: checking for sys/stat.h
configure:3509: gcc -c -g -O2      conftest.c >&5
configure:3509: $? = 0
configure:3509: result: yes
configure:3509: checking for stdlib.h
configure:3509: gcc -c -g -O2      conftest.c >&5
configure:3509: $? = 0
configure:3509: result: yes
configure:3509: checking for string.h
configure:3509: gcc -c -g -O2      conftest.c >&5
configure:3509: $? = 0
configure:3509: result: yes
configure:3509: checking for memory.h
configure:3509: gcc -c -g -O2      conftest.c >&5
configure:3509: $? = 0
configure:3509: result: yes
configure:3509: checking for strings.h
configure:3509: gcc -c -g -O2      conftest.c >&5
configure:3509: $? = 0
configure:3509: result: yes
configure:3509: checking for inttypes.h
configure:3509: gcc -c -g -O2      conftest.c >&5
configure:3509: $? = 0
configure:3509: result: yes
configure:3509: checking for stdint.h
configure:3509: gcc -c -g -O2      conftest.c >&5
configure:3509: $? = 0
configure:3509: result: yes
configure:3509: checking for unistd.h
configure:3509: gcc -c -g -O2      conftest.c >&5
configure:3509: $? = 0
configure:3509: result: yes
configure:3522: checking minix/config.h usability
configure:3522: gcc -c -g -O2      conftest.c >&5
conftest.c:52:10: fatal error: minix/config.h: No such file or directory
   52 | #include <minix/config.h>
      |          ^~~~~~~~~~~~~~~~
compilation terminated.
configure:3522: $? = 1
configure: failed program was:
| /* confdefs.h */
| #define PACKAGE_NAME "libsframe"
| #define PACKAGE_TARNAME "libsframe"
| #define PACKAGE_VERSION "BFD_VERSION"
| #define PACKAGE_STRING "libsframe BFD_VERSION"
| #define PACKAGE_BUGREPORT ""
| #define PACKAGE_URL ""
| #define STDC_HEADERS 1
| #define HAVE_SYS_TYPES_H 1
| #define HAVE_SYS_STAT_H 1
| #define HAVE_STDLIB_H 1
| #define HAVE_STRING_H 1
| #define HAVE_MEMORY_H 1
| #define HAVE_STRINGS_H 1
| #define HAVE_INTTYPES_H 1
| #define HAVE_STDINT_H 1
| #define HAVE_UNISTD_H 1
| /* end confdefs.h.  */
| #include <stdio.h>
| #ifdef HAVE_SYS_TYPES_H
| # include <sys/types.h>
| #endif
| #ifdef HAVE_SYS_STAT_H
| # include <sys/stat.h>
| #endif
| #ifdef STDC_HEADERS
| # include <stdlib.h>
| # include <stddef.h>
| #else
| # ifdef HAVE_STDLIB_H
| #  include <stdlib.h>
| # endif
| #endif
| #ifdef HAVE_STRING_H
| # if !defined STDC_HEADERS && defined HAVE_MEMORY_H
| #  include <memory.h>
| # endif
| # include <string.h>
| #endif
| #ifdef HAVE_STRINGS_H
| # include <strings.h>
| #endif
| #ifdef HAVE_INTTYPES_H
| # include <inttypes.h>
| #endif
| #ifdef HAVE_STDINT_H
| # include <stdint.h>
| #endif
| #ifdef HAVE_UNISTD_H
| # include <unistd.h>
| #endif
| #include <minix/config.h>
configure:3522: result: no
configure:3522: checking minix/config.h presence
configure:3522: gcc -E  conftest.c
conftest.c:19:10: fatal error: minix/config.h: No such file or directory
   19 | #include <minix/config.h>
      |          ^~~~~~~~~~~~~~~~
compilation terminated.
configure:3522: $? = 1
configure: failed program was:
| /* confdefs.h */
| #define PACKAGE_NAME "libsframe"
| #define PACKAGE_TARNAME "libsframe"
| #define PACKAGE_VERSION "BFD_VERSION"
| #define PACKAGE_STRING "libsframe BFD_VERSION"
| #define PACKAGE_BUGREPORT ""
| #define PACKAGE_URL ""
| #define STDC_HEADERS 1
| #define HAVE_SYS_TYPES_H 1
| #define HAVE_SYS_STAT_H 1
| #define HAVE_STDLIB_H 1
| #define HAVE_STRING_H 1
| #define HAVE_MEMORY_H 1
| #define HAVE_STRINGS_H 1
| #define HAVE_INTTYPES_H 1
| #define HAVE_STDINT_H 1
| #define HAVE_UNISTD_H 1
| /* end confdefs.h.  */
| #include <minix/config.h>
configure:3522: result: no
configure:3522: checking for minix/config.h
configure:3522: result: no
configure:3543: checking whether it is safe to define __EXTENSIONS__
configure:3561: gcc -c -g -O2      conftest.c >&5
configure:3561: $? = 0
configure:3568: result: yes
configure:3598: checking for a BSD-compatible install
configure:3666: result: /usr/bin/install -c
configure:3677: checking whether build environment is sane
configure:3732: result: yes
configure:3878: checking for a thread-safe mkdir -p
configure:3917: result: /usr/bin/mkdir -p
configure:3924: checking for gawk
configure:3951: result: gawk
configure:3962: checking whether /usr/bin/make sets $(MAKE)
configure:3984: result: yes
configure:4014: checking for style of include used by /usr/bin/make
configure:4042: result: GNU
configure:4076: checking whether /usr/bin/make supports nested variables
configure:4093: result: yes
configure:4178: checking dependency style of gcc
configure:4289: result: gcc3
configure:4358: checking whether /usr/bin/make supports nested variables
configure:4375: result: yes
configure:4388: checking whether /usr/bin/make sets $(MAKE)
configure:4410: result: yes
configure:4427: checking for x86_64-unknown-linux-gnu-gcc
configure:4454: result: gcc
configure:4723: checking for C compiler version
configure:4732: gcc --version >&5
gcc (Ubuntu 9.4.0-1ubuntu1~20.04.2) 9.4.0
Copyright (C) 2019 Free Software Foundation, Inc.
This is free software; see the source for copying conditions.  There is NO
warranty; not even for MERCHANTABILITY or FITNESS FOR A PARTICULAR PURPOSE.

configure:4743: $? = 0
configure:4732: gcc -v >&5
Using built-in specs.
COLLECT_GCC=gcc
COLLECT_LTO_WRAPPER=/usr/lib/gcc/x86_64-linux-gnu/9/lto-wrapper
OFFLOAD_TARGET_NAMES=nvptx-none:hsa
OFFLOAD_TARGET_DEFAULT=1
Target: x86_64-linux-gnu
Configured with: ../src/configure -v --with-pkgversion='Ubuntu 9.4.0-1ubuntu1~20.04.2' --with-bugurl=file:///usr/share/doc/gcc-9/README.Bugs --enable-languages=c,ada,c++,go,brig,d,fortran,objc,obj-c++,gm2 --prefix=/usr --with-gcc-major-version-only --program-suffix=-9 --program-prefix=x86_64-linux-gnu- --enable-shared --enable-linker-build-id --libexecdir=/usr/lib --without-included-gettext --enable-threads=posix --libdir=/usr/lib --enable-nls --enable-clocale=gnu --enable-libstdcxx-debug --enable-libstdcxx-time=yes --with-default-libstdcxx-abi=new --enable-gnu-unique-object --disable-vtable-verify --enable-plugin --enable-default-pie --with-system-zlib --with-target-system-zlib=auto --enable-objc-gc=auto --enable-multiarch --disable-werror --with-arch-32=i686 --with-abi=m64 --with-multilib-list=m32,m64,mx32 --enable-multilib --with-tune=generic --enable-offload-targets=nvptx-none=/build/gcc-9-9QDOt0/gcc-9-9.4.0/debian/tmp-nvptx/usr,hsa --without-cuda-driver --enable-checking=release --build=x86_64-linux-gnu --host=x86_64-linux-gnu --target=x86_64-linux-gnu
Thread model: posix
gcc version 9.4.0 (Ubuntu 9.4.0-1ubuntu1~20.04.2) 
configure:4743: $? = 0
configure:4732: gcc -V >&5
gcc: error: unrecognized command line option '-V'
gcc: fatal error: no input files
compilation terminated.
configure:4743: $? = 1
configure:4732: gcc -qversion >&5
gcc: error: unrecognized command line option '-qversion'; did you mean '--version'?
gcc: fatal error: no input files
compilation terminated.
configure:4743: $? = 1
configure:4747: checking whether we are using the GNU C compiler
configure:4775: result: yes
configure:4784: checking whether gcc accepts -g
configure:4845: result: yes
configure:4862: checking for gcc option to accept ISO C89
configure:4938: result: none needed
configure:4963: checking whether gcc understands -c and -o together
configure:5000: result: yes
configure:5020: checking for x86_64-unknown-linux-gnu-ranlib
configure:5047: result: ranlib --plugin /usr/lib/gcc/x86_64-linux-gnu/9/liblto_plugin.so
configure:5114: checking for x86_64-unknown-linux-gnu-ar
configure:5141: result: ar --plugin /usr/lib/gcc/x86_64-linux-gnu/9/liblto_plugin.so
configure:5211: checking the archiver (ar --plugin /usr/lib/gcc/x86_64-linux-gnu/9/liblto_plugin.so) interface
configure:5227: gcc -c -g -O2      conftest.c >&5
configure:5227: $? = 0
configure:5229: ar --plugin /usr/lib/gcc/x86_64-linux-gnu/9/liblto_plugin.so cru libconftest.a conftest.o >&5
ar: `u' modifier ignored since `D' is the default (see `U')
configure:5232: $? = 0
configure:5231: result: ar
configure:5313: checking build system type
configure:5327: result: x86_64-unknown-linux-gnu
configure:5347: checking host system type
configure:5360: result: x86_64-unknown-linux-gnu
configure:5401: checking how to print strings
configure:5428: result: printf
configure:5449: checking for a sed that does not truncate output
configure:5513: result: /usr/bin/sed
configure:5531: checking for fgrep
configure:5593: result: /usr/bin/grep -F
configure:5628: checking for ld used by gcc
configure:5695: result: ld
configure:5702: checking if the linker (ld) is GNU ld
configure:5717: result: yes
configure:5729: checking for BSD- or MS-compatible name lister (nm)
configure:5785: result: /usr/bin/nm -B
configure:5915: checking the name lister (/usr/bin/nm -B) interface
configure:5922: gcc -c -g -O2      conftest.c >&5
configure:5925: /usr/bin/nm -B "conftest.o"
configure:5928: output
0000000000000000 B some_variable
configure:5929: result: BSD nm
configure:5932: checking whether ln -s works
configure:5936: result: yes
configure:5944: checking the maximum length of command line arguments
configure:6069: result: 1572864
configure:6086: checking whether the shell understands some XSI constructs
configure:6095: result: yes
configure:6099: checking whether the shell understands "+="
configure:6103: result: yes
configure:6138: checking for ld option to reload object files
configure:6145: result: -r
configure:6174: checking for x86_64-unknown-linux-gnu-objdump
configure:6201: result: objdump
configure:6273: checking how to recognize dependent libraries
configure:6479: result: pass_all
configure:6512: checking for x86_64-unknown-linux-gnu-ar
configure:6539: result: ar --plugin /usr/lib/gcc/x86_64-linux-gnu/9/liblto_plugin.so
configure:6630: checking for x86_64-unknown-linux-gnu-strip
configure:6660: result: no
configure:6670: checking for strip
configure:6686: found /usr/bin/strip
configure:6697: result: strip
configure:6729: checking for x86_64-unknown-linux-gnu-ranlib
configure:6756: result: ranlib --plugin /usr/lib/gcc/x86_64-linux-gnu/9/liblto_plugin.so
configure:6903: checking command to parse /usr/bin/nm -B output from gcc object
configure:7021: gcc -c -g -O2      conftest.c >&5
configure:7024: $? = 0
configure:7028: /usr/bin/nm -B conftest.o \| sed -n -e 's/^.*[ ]\([ABCDGIRSTW][ABCDGIRSTW]*\)[ ][ ]*\([_A-Za-z][_A-Za-z0-9]*\)$/\1 \2 \2/p' \> conftest.nm
configure:7031: $? = 0
configure:7085: gcc -o conftest -g -O2        conftest.c conftstm.o >&5
configure:7088: $? = 0
configure:7126: result: ok
configure:7221: gcc -c -g -O2      conftest.c >&5
configure:7224: $? = 0
configure:7976: checking for dlfcn.h
configure:7976: gcc -c -g -O2      conftest.c >&5
configure:7976: $? = 0
configure:7976: result: yes
configure:8133: checking for objdir
configure:8148: result: .libs
configure:8419: checking if gcc supports -fno-rtti -fno-exceptions
configure:8437: gcc -c -g -O2      -fno-rtti -fno-exceptions conftest.c >&5
cc1: warning: command line option '-fno-rtti' is valid for C++/D/ObjC++ but not for C
configure:8441: $? = 0
configure:8454: result: no
configure:8474: checking for gcc option to produce PIC
configure:8760: result: -fPIC -DPIC
configure:8772: checking if gcc PIC flag -fPIC -DPIC works
configure:8790: gcc -c -g -O2      -fPIC -DPIC -DPIC conftest.c >&5
configure:8794: $? = 0
configure:8807: result: yes
configure:8831: checking if gcc static flag -static works
configure:8859: result: yes
configure:8874: checking if gcc supports -c -o file.o
configure:8895: gcc -c -g -O2      -o out/conftest2.o conftest.c >&5
configure:8899: $? = 0
configure:8921: result: yes
configure:8929: checking if gcc supports -c -o file.o
configure:8976: result: yes
configure:9009: checking whether the gcc linker (ld -m elf_x86_64) supports shared libraries
configure:10080: result: yes
configure:10325: checking dynamic linker characteristics
configure:10771: gcc -o conftest -g -O2        -Wl,-rpath -Wl,/foo conftest.c  >&5
configure:10771: $? = 0
configure:11012: result: GNU/Linux ld.so
configure:11119: checking how to hardcode library paths into programs
configure:11144: result: immediate
configure:11684: checking whether stripping libraries is possible
configure:11689: result: yes
configure:11724: checking if libtool supports shared libraries
configure:11726: result: yes
configure:11729: checking whether to build shared libraries
configure:11750: result: no
configure:11753: checking whether to build static libraries
configure:11757: result: yes
configure:8932: checking for special C compiler options needed for large files
configure:8977: result: no
configure:8983: checking for _FILE_OFFSET_BITS value needed for large files
configure:9008: gcc -c -g -O2      conftest.c >&5
configure:9008: $? = 0
configure:9040: result: no
configure:9131: checking for aclocal
configure:9158: result: ${SHELL} /workspaces/http-ftp/devkitpro/.devkitARM/binutils-2.42/missing aclocal-1.15
configure:9174: checking for autoconf
configure:9201: result: ${SHELL} /workspaces/http-ftp/devkitpro/.devkitARM/binutils-2.42/missing autoconf
configure:9217: checking for autoheader
configure:9244: result: ${SHELL} /workspaces/http-ftp/devkitpro/.devkitARM/binutils-2.42/missing autoheader
configure:9277: checking whether gcc supports -Wall
configure:9294: gcc -c -Wall  conftest.c >&5
configure:9294: $? = 0
configure:9303: result: yes
configure:9277: checking whether gcc supports -Wextra
configure:9294: gcc -c -Wextra  conftest.c >&5
configure:9294: $? = 0
configure:9303: result: yes
configure:9277: checking whether gcc supports -Wwrite-strings
configure:9294: gcc -c -Wwrite-strings  conftest.c >&5
configure:9294: $? = 0
configure:9303: result: yes
configure:9277: checking whether gcc supports -Wmissing-format-attribute
configure:9294: gcc -c -Wmissing-format-attribute  conftest.c >&5
configure:9294: $? = 0
configure:9303: result: yes
configure:9277: checking whether gcc supports -Wstrict-prototypes
configure:9294: gcc -c -Wstrict-prototypes  conftest.c >&5
conftest.c:30:1: warning: function declaration isn't a prototype [-Wstrict-prototypes]
   30 | main ()
      | ^~~~
configure:9294: $? = 0
configure:9303: result: yes
configure:9277: checking whether gcc supports -Wmissing-prototypes
configure:9294: gcc -c -Wmissing-prototypes  conftest.c >&5
configure:9294: $? = 0
configure:9303: result: yes
configure:9320: checking for incompatibility between DejaGnu and GCC
configure:9322: result: 
configure:9337: gcc -o conftest -g -O2        conftest.c  >&5
conftest.c:28:10: fatal error: dejagnu.h: No such file or directory
   28 | #include <dejagnu.h>
      |          ^~~~~~~~~~~
compilation terminated.
configure:9337: $? = 1
configure: failed program was:
| /* confdefs.h */
| #define PACKAGE_NAME "libsframe"
| #define PACKAGE_TARNAME "libsframe"
| #define PACKAGE_VERSION "BFD_VERSION"
| #define PACKAGE_STRING "libsframe BFD_VERSION"
| #define PACKAGE_BUGREPORT ""
| #define PACKAGE_URL ""
| #define STDC_HEADERS 1
| #define HAVE_SYS_TYPES_H 1
| #define HAVE_SYS_STAT_H 1
| #define HAVE_STDLIB_H 1
| #define HAVE_STRING_H 1
| #define HAVE_MEMORY_H 1
| #define HAVE_STRINGS_H 1
| #define HAVE_INTTYPES_H 1
| #define HAVE_STDINT_H 1
| #define HAVE_UNISTD_H 1
| #define __EXTENSIONS__ 1
| #define _ALL_SOURCE 1
| #define _GNU_SOURCE 1
| #define _POSIX_PTHREAD_SEMANTICS 1
| #define _TANDEM_SOURCE 1
| #define PACKAGE "libsframe"
| #define VERSION "BFD_VERSION"
| #define HAVE_DLFCN_H 1
| #define LT_OBJDIR ".libs/"
| /* end confdefs.h.  */
| #include <dejagnu.h>
| int
| main ()
| {
| pass ("test foo");
| 	       return 0;
|   ;
|   return 0;
| }
configure:9344: result: no
configure:9369: checking for makeinfo
configure:9396: result: /workspaces/http-ftp/devkitpro/.devkitARM/binutils-2.42/missing makeinfo --split-size=5000000
configure:9417: WARNING:
*** Makeinfo is missing. Info documentation will not be built.
configure:9435: checking if using Solaris linker
configure:9444: result: no
configure:9464: result: yes
configure:9483: checking whether to enable maintainer-specific portions of Makefiles
configure:9492: result: no
configure:9520: checking whether to install libbfd
configure:9533: result: no
configure:9568: checking for stdlib.h
configure:9568: result: yes
configure:9568: checking for unistd.h
configure:9568: result: yes
configure:9568: checking for sys/param.h
configure:9568: gcc -c -g -O2      conftest.c >&5
configure:9568: $? = 0
configure:9568: result: yes
configure:9588: checking for getpagesize
configure:9588: gcc -o conftest -g -O2        conftest.c  >&5
configure:9588: $? = 0
configure:9588: result: yes
configure:9597: checking for working mmap
configure:9744: gcc -o conftest -g -O2        conftest.c  >&5
configure:9744: $? = 0
configure:9744: ./conftest
configure:9744: $? = 0
configure:9754: result: yes
configure:9766: checking byteswap.h usability
configure:9766: gcc -c -g -O2      conftest.c >&5
configure:9766: $? = 0
configure:9766: result: yes
configure:9766: checking byteswap.h presence
configure:9766: gcc -E  conftest.c
configure:9766: $? = 0
configure:9766: result: yes
configure:9766: checking for byteswap.h
configure:9766: result: yes
configure:9766: checking endian.h usability
configure:9766: gcc -c -g -O2      conftest.c >&5
configure:9766: $? = 0
configure:9766: result: yes
configure:9766: checking endian.h presence
configure:9766: gcc -E  conftest.c
configure:9766: $? = 0
configure:9766: result: yes
configure:9766: checking for endian.h
configure:9766: result: yes
configure:9777: checking whether bswap_16 is declared
configure:9777: gcc -c -g -O2      conftest.c >&5
configure:9777: $? = 0
configure:9777: result: yes
configure:9788: checking whether bswap_32 is declared
configure:9788: gcc -c -g -O2      conftest.c >&5
configure:9788: $? = 0
configure:9788: result: yes
configure:9799: checking whether bswap_64 is declared
configure:9799: gcc -c -g -O2      conftest.c >&5
configure:9799: $? = 0
configure:9799: result: yes
configure:9873: updating cache ./config.cache
configure:9917: checking that generated files are newer than configure
configure:9923: result: done
configure:9970: creating ./config.status

## ---------------------- ##
## Running config.status. ##
## ---------------------- ##

This file was extended by libsframe config.status BFD_VERSION, which was
generated by GNU Autoconf 2.69.  Invocation command line was

  CONFIG_FILES    = 
  CONFIG_HEADERS  = 
  CONFIG_LINKS    = 
  CONFIG_COMMANDS = 
  $ ./config.status 

on codespaces-2cc13b

config.status:1098: creating Makefile
config.status:1098: creating config.h
config.status:1312: executing depfiles commands
config.status:1312: executing libtool commands

## ---------------- ##
## Cache variables. ##
## ---------------- ##

ac_cv_build=x86_64-unknown-linux-gnu
ac_cv_c_compiler_gnu=yes
ac_cv_dejagnu_compat=no
ac_cv_env_CC_set=set
ac_cv_env_CC_value=gcc
ac_cv_env_CFLAGS_set=set
ac_cv_env_CFLAGS_value='-g -O2    '
ac_cv_env_CPPFLAGS_set=
ac_cv_env_CPPFLAGS_value=
ac_cv_env_CPP_set=
ac_cv_env_CPP_value=
ac_cv_env_LDFLAGS_set=set
ac_cv_env_LDFLAGS_value=' '
ac_cv_env_LIBS_set=
ac_cv_env_LIBS_value=
ac_cv_env_build_alias_set=set
ac_cv_env_build_alias_value=x86_64-unknown-linux-gnu
ac_cv_env_host_alias_set=set
ac_cv_env_host_alias_value=x86_64-unknown-linux-gnu
ac_cv_env_target_alias_set=set
ac_cv_env_target_alias_value=arm-none-eabi
ac_cv_func_getpagesize=yes
ac_cv_func_mmap_fixed_mapped=yes
ac_cv_have_decl_bswap_16=yes
ac_cv_have_decl_bswap_32=yes
ac_cv_have_decl_bswap_64=yes
ac_cv_header_byteswap_h=yes
ac_cv_header_dlfcn_h=yes
ac_cv_header_endian_h=yes
ac_cv_header_inttypes_h=yes
ac_cv_header_memory_h=yes
ac_cv_header_minix_config_h=no
ac_cv_header_stdc=yes
ac_cv_header_stdint_h=yes
ac_cv_header_stdlib_h=yes
ac_cv_header_string_h=yes
ac_cv_header_strings_h=yes
ac_cv_header_sys_param_h=yes
ac_cv_header_sys_stat_h=yes
ac_cv_header_sys_types_h=yes
ac_cv_header_unistd_h=yes
ac_cv_host=x86_64-unknown-linux-gnu
ac_cv_objext=o
ac_cv_path_EGREP='/usr/bin/grep -E'
ac_cv_path_FGREP='/usr/bin/grep -F'
ac_cv_path_GREP=/usr/bin/grep
ac_cv_path_SED=/usr/bin/sed
ac_cv_path_mkdir=/usr/bin/mkdir
ac_cv_prog_ACLOCAL='${SHELL} /workspaces/http-ftp/devkitpro/.devkitARM/binutils-2.42/missing aclocal-1.15'
ac_cv_prog_AR='ar --plugin /usr/lib/gcc/x86_64-linux-gnu/9/liblto_plugin.so'
ac_cv_prog_AUTOCONF='${SHELL} /workspaces/http-ftp/devkitpro/.devkitARM/binutils-2.42/missing autoconf'
ac_cv_prog_AUTOHEADER='${SHELL} /workspaces/http-ftp/devkitpro/.devkitARM/binutils-2.42/missing autoheader'
ac_cv_prog_AWK=gawk
ac_cv_prog_CC=gcc
ac_cv_prog_CPP='gcc -E'
ac_cv_prog_MAKEINFO='/workspaces/http-ftp/devkitpro/.devkitARM/binutils-2.42/missing makeinfo --split-size=5000000'
ac_cv_prog_OBJDUMP=objdump
ac_cv_prog_RANLIB='ranlib --plugin /usr/lib/gcc/x86_64-linux-gnu/9/liblto_plugin.so'
ac_cv_prog_ac_ct_STRIP=strip
ac_cv_prog_cc_c89=
ac_cv_prog_cc_g=yes
ac_cv_prog_make__usr_bin_make_set=yes
ac_cv_safe_to_define___extensions__=yes
ac_cv_sys_file_offset_bits=no
ac_cv_sys_largefile_CC=no
acx_cv_prog_cc_warning__Wall=yes
acx_cv_prog_cc_warning__Wextra=yes
acx_cv_prog_cc_warning__Wmissing_format_attribute=yes
acx_cv_prog_cc_warning__Wmissing_prototypes=yes
acx_cv_prog_cc_warning__Wstrict_prototypes=yes
acx_cv_prog_cc_warning__Wwrite_strings=yes
am_cv_CC_dependencies_compiler_type=gcc3
am_cv_ar_interface=ar
am_cv_make_support_nested_variables=yes
am_cv_prog_cc_c_o=yes
lt_cv_deplibs_check_method=pass_all
lt_cv_file_magic_cmd='$MAGIC_CMD'
lt_cv_file_magic_test_file=
lt_cv_ld_reload_flag=-r
lt_cv_nm_interface='BSD nm'
lt_cv_objdir=.libs
lt_cv_path_LD=ld
lt_cv_path_NM='/usr/bin/nm -B'
lt_cv_prog_compiler_c_o=yes
lt_cv_prog_compiler_pic_works=yes
lt_cv_prog_compiler_rtti_exceptions=no
lt_cv_prog_compiler_static_works=yes
lt_cv_prog_gnu_ld=yes
lt_cv_shlibpath_overrides_runpath=yes
lt_cv_sys_global_symbol_pipe='sed -n -e '\''s/^.*[	 ]\([ABCDGIRSTW][ABCDGIRSTW]*\)[	 ][	 ]*\([_A-Za-z][_A-Za-z0-9]*\)$/\1 \2 \2/p'\'''
lt_cv_sys_global_symbol_to_c_name_address='sed -n -e '\''s/^: \([^ ]*\) $/  {\"\1\", (void *) 0},/p'\'' -e '\''s/^[ABCDGIRSTW]* \([^ ]*\) \([^ ]*\)$/  {"\2", (void *) \&\2},/p'\'''
lt_cv_sys_global_symbol_to_c_name_address_lib_prefix='sed -n -e '\''s/^: \([^ ]*\) $/  {\"\1\", (void *) 0},/p'\'' -e '\''s/^[ABCDGIRSTW]* \([^ ]*\) \(lib[^ ]*\)$/  {"\2", (void *) \&\2},/p'\'' -e '\''s/^[ABCDGIRSTW]* \([^ ]*\) \([^ ]*\)$/  {"lib\2", (void *) \&\2},/p'\'''
lt_cv_sys_global_symbol_to_cdecl='sed -n -e '\''s/^T .* \(.*\)$/extern int \1();/p'\'' -e '\''s/^[ABCDGIRSTW]* .* \(.*\)$/extern char \1;/p'\'''
lt_cv_sys_max_cmd_len=1572864

## ----------------- ##
## Output variables. ##
## ----------------- ##

ACLOCAL='${SHELL} /workspaces/http-ftp/devkitpro/.devkitARM/binutils-2.42/missing aclocal-1.15'
AMDEPBACKSLASH='\'
AMDEP_FALSE='#'
AMDEP_TRUE=''
AMTAR='$${TAR-tar}'
AM_BACKSLASH='\'
AM_DEFAULT_V='$(AM_DEFAULT_VERBOSITY)'
AM_DEFAULT_VERBOSITY='0'
AM_V='$(V)'
AR='ar --plugin /usr/lib/gcc/x86_64-linux-gnu/9/liblto_plugin.so --plugin /usr/lib/gcc/x86_64-linux-gnu/9/liblto_plugin.so'
AUTOCONF='${SHELL} /workspaces/http-ftp/devkitpro/.devkitARM/binutils-2.42/missing autoconf'
AUTOHEADER='${SHELL} /workspaces/http-ftp/devkitpro/.devkitARM/binutils-2.42/missing autoheader'
AUTOMAKE='${SHELL} /workspaces/http-ftp/devkitpro/.devkitARM/binutils-2.42/missing automake-1.15'
AWK='gawk'
BUILD_INFO_FALSE=''
BUILD_INFO_TRUE='#'
CC='gcc'
CCDEPMODE='depmode=gcc3'
CFLAGS='-g -O2    '
COMPAT_DEJAGNU='no'
CPP='gcc -E'
CPPFLAGS=''
CYGPATH_W='echo'
DEFS='-DHAVE_CONFIG_H'
DEPDIR='.deps'
DSYMUTIL='dsymutil'
DUMPBIN=''
ECHO_C=''
ECHO_N='-n'
ECHO_T=''
EGREP='/usr/bin/grep -E'
EXEEXT=''
FGREP='/usr/bin/grep -F'
GREP='/usr/bin/grep'
HAVE_COMPAT_DEJAGNU_FALSE=''
HAVE_COMPAT_DEJAGNU_TRUE='#'
HAVE_LD_VERSION_SCRIPT_FALSE='#'
HAVE_LD_VERSION_SCRIPT_TRUE=''
HAVE_SOLARIS_LD_FALSE=''
HAVE_SOLARIS_LD_TRUE='#'
INSTALL_DATA='/usr/bin/install -c -m 644'
INSTALL_LIBBFD_FALSE=''
INSTALL_LIBBFD_TRUE='#'
INSTALL_PROGRAM='/usr/bin/install -c'
INSTALL_SCRIPT='/usr/bin/install -c'
INSTALL_STRIP_PROGRAM='$(install_sh) -c -s'
LD='ld -m elf_x86_64'
LDFLAGS=' '
LIBOBJS=''
LIBS=''
LIBTOOL='$(SHELL) $(top_builddir)/libtool'
LIPO=''
LN_S='ln -s'
LTLIBOBJS=''
MAINT='#'
MAINTAINER_MODE_FALSE=''
MAINTAINER_MODE_TRUE='#'
MAKEINFO='/workspaces/http-ftp/devkitpro/.devkitARM/binutils-2.42/missing makeinfo --split-size=5000000'
MKDIR_P='/usr/bin/mkdir -p'
NM='/usr/bin/nm -B'
NMEDIT=''
OBJDUMP='objdump'
OBJEXT='o'
OTOOL64=''
OTOOL='otool'
PACKAGE='libsframe'
PACKAGE_BUGREPORT=''
PACKAGE_NAME='libsframe'
PACKAGE_STRING='libsframe BFD_VERSION'
PACKAGE_TARNAME='libsframe'
PACKAGE_URL=''
PACKAGE_VERSION='BFD_VERSION'
PATH_SEPARATOR=':'
RANLIB='ranlib --plugin /usr/lib/gcc/x86_64-linux-gnu/9/liblto_plugin.so --plugin /usr/lib/gcc/x86_64-linux-gnu/9/liblto_plugin.so'
SED='/usr/bin/sed'
SET_MAKE=''
SHELL='/bin/bash'
STRIP='strip'
VERSION='BFD_VERSION'
ac_ct_AR=''
ac_ct_CC=''
ac_ct_DUMPBIN=''
ac_libsframe_warn_cflags='-Wall -Wextra -Wwrite-strings -Wmissing-format-attribute -Wstrict-prototypes -Wmissing-prototypes'
am__EXEEXT_FALSE=''
am__EXEEXT_TRUE='#'
am__fastdepCC_FALSE='#'
am__fastdepCC_TRUE=''
am__include='include'
am__isrc=' -I$(srcdir)'
am__leading_dot='.'
am__nodep='_no'
am__quote=''
am__tar='$${TAR-tar} chof - "$$tardir"'
am__untar='$${TAR-tar} xf -'
bfdincludedir='$(exec_prefix)/$(host_noncanonical)/$(target_noncanonical)/include'
bfdlibdir='$(exec_prefix)/$(host_noncanonical)/$(target_noncanonical)/lib'
bindir='${exec_prefix}/bin'
build='x86_64-unknown-linux-gnu'
build_alias='x86_64-unknown-linux-gnu'
build_cpu='x86_64'
build_os='linux-gnu'
build_vendor='unknown'
datadir='${datarootdir}'
datarootdir='${prefix}/share'
docdir='${datarootdir}/doc/${PACKAGE_TARNAME}'
dvidir='${docdir}'
exec_prefix='${prefix}'
host='x86_64-unknown-linux-gnu'
host_alias='x86_64-unknown-linux-gnu'
host_cpu='x86_64'
host_noncanonical='x86_64-unknown-linux-gnu'
host_os='linux-gnu'
host_vendor='unknown'
htmldir='${docdir}'
includedir='${prefix}/include'
infodir='${datarootdir}/info'
install_sh='${SHELL} /workspaces/http-ftp/devkitpro/.devkitARM/binutils-2.42/install-sh'
libdir='${exec_prefix}/lib'
libexecdir='${exec_prefix}/libexec'
localedir='${datarootdir}/locale'
localstatedir='${prefix}/var'
mandir='${datarootdir}/man'
mkdir_p='$(MKDIR_P)'
oldincludedir='/usr/include'
pdfdir='${docdir}'
prefix='/opt/devkitpro/devkitARM'
program_transform_name='s&^&arm-none-eabi-&'
psdir='${docdir}'
sbindir='${exec_prefix}/sbin'
sharedstatedir='${prefix}/com'
sysconfdir='${prefix}/etc'
target_alias='arm-none-eabi'
target_noncanonical='arm-none-eabi'

## ----------- ##
## confdefs.h. ##
## ----------- ##

/* confdefs.h */
#define PACKAGE_NAME "libsframe"
#define PACKAGE_TARNAME "libsframe"
#define PACKAGE_VERSION "BFD_VERSION"
#define PACKAGE_STRING "libsframe BFD_VERSION"
#define PACKAGE_BUGREPORT ""
#define PACKAGE_URL ""
#define STDC_HEADERS 1
#define HAVE_SYS_TYPES_H 1
#define HAVE_SYS_STAT_H 1
#define HAVE_STDLIB_H 1
#define HAVE_STRING_H 1
#define HAVE_MEMORY_H 1
#define HAVE_STRINGS_H 1
#define HAVE_INTTYPES_H 1
#define HAVE_STDINT_H 1
#define HAVE_UNISTD_H 1
#define __EXTENSIONS__ 1
#define _ALL_SOURCE 1
#define _GNU_SOURCE 1
#define _POSIX_PTHREAD_SEMANTICS 1
#define _TANDEM_SOURCE 1
#define PACKAGE "libsframe"
#define VERSION "BFD_VERSION"
#define HAVE_DLFCN_H 1
#define LT_OBJDIR ".libs/"
#define HAVE_STDLIB_H 1
#define HAVE_UNISTD_H 1
#define HAVE_SYS_PARAM_H 1
#define HAVE_GETPAGESIZE 1
#define HAVE_MMAP 1
#define HAVE_BYTESWAP_H 1
#define HAVE_ENDIAN_H 1
#define HAVE_DECL_BSWAP_16 1
#define HAVE_DECL_BSWAP_32 1
#define HAVE_DECL_BSWAP_64 1

configure: exit 0
