This file contains any messages produced by compilers while
running configure, to aid debugging if configure makes a mistake.

It was created by configure, which was
generated by GNU Autoconf 2.69.  Invocation command line was

  $ ../../binutils-2.42/configure --prefix=/opt/devkitpro/devkitARM --target=arm-none-eabi --disable-nls --disable-werror --enable-lto --enable-plugins --enable-poison-system-directories --build=x86_64-unknown-linux-gnu

## --------- ##
## Platform. ##
## --------- ##

hostname = codespaces-2cc13b
uname -m = x86_64
uname -r = 6.5.0-1022-azure
uname -s = Linux
uname -v = #23~22.04.1-Ubuntu SMP Thu May  9 17:59:24 UTC 2024

/usr/bin/uname -p = x86_64
/bin/uname -X     = unknown

/bin/arch              = x86_64
/usr/bin/arch -k       = unknown
/usr/convex/getsysinfo = unknown
/usr/bin/hostinfo      = unknown
/bin/machine           = unknown
/usr/bin/oslevel       = unknown
/bin/universe          = unknown

PATH: /opt/devkitpro/devkitARM/bin
PATH: /usr/local/rvm/gems/ruby-3.2.4/bin
PATH: /usr/local/rvm/gems/ruby-3.2.4@global/bin
PATH: /usr/local/rvm/rubies/ruby-3.2.4/bin
PATH: /vscode/bin/linux-x64/5437499feb04f7a586f677b155b039bc2b3669eb/bin/remote-cli
PATH: /home/codespace/.local/bin
PATH: /home/codespace/.dotnet
PATH: /home/codespace/nvm/current/bin
PATH: /home/codespace/.php/current/bin
PATH: /home/codespace/.python/current/bin
PATH: /home/codespace/java/current/bin
PATH: /home/codespace/.ruby/current/bin
PATH: /home/codespace/.local/bin
PATH: /usr/local/python/current/bin
PATH: /usr/local/py-utils/bin
PATH: /usr/local/oryx
PATH: /usr/local/go/bin
PATH: /go/bin
PATH: /usr/local/sdkman/bin
PATH: /usr/local/sdkman/candidates/java/current/bin
PATH: /usr/local/sdkman/candidates/gradle/current/bin
PATH: /usr/local/sdkman/candidates/maven/current/bin
PATH: /usr/local/sdkman/candidates/ant/current/bin
PATH: /usr/local/rvm/gems/default/bin
PATH: /usr/local/rvm/gems/default@global/bin
PATH: /usr/local/rvm/rubies/default/bin
PATH: /usr/local/share/rbenv/bin
PATH: /usr/local/php/current/bin
PATH: /opt/conda/bin
PATH: /usr/local/nvs
PATH: /usr/local/share/nvm/versions/node/v20.14.0/bin
PATH: /usr/local/hugo/bin
PATH: /usr/local/sbin
PATH: /usr/local/bin
PATH: /usr/sbin
PATH: /usr/bin
PATH: /sbin
PATH: /bin
PATH: /usr/share/dotnet
PATH: /home/codespace/.dotnet/tools
PATH: /usr/local/rvm/bin


## ----------- ##
## Core tests. ##
## ----------- ##

configure:2396: checking build system type
configure:2410: result: x86_64-unknown-linux-gnu
configure:2457: checking host system type
configure:2470: result: x86_64-unknown-linux-gnu
configure:2490: checking target system type
configure:2503: result: arm-none-eabi
configure:2557: checking for a BSD-compatible install
configure:2625: result: /usr/bin/install -c
configure:2636: checking whether ln works
configure:2658: result: yes
configure:2662: checking whether ln -s works
configure:2666: result: yes
configure:2673: checking for a sed that does not truncate output
configure:2737: result: /usr/bin/sed
configure:2746: checking for gawk
configure:2762: found /usr/bin/gawk
configure:2773: result: gawk
configure:4218: checking for gcc
configure:4234: found /usr/bin/gcc
configure:4245: result: gcc
configure:4474: checking for C compiler version
configure:4483: gcc --version >&5
gcc (Ubuntu 9.4.0-1ubuntu1~20.04.2) 9.4.0
Copyright (C) 2019 Free Software Foundation, Inc.
This is free software; see the source for copying conditions.  There is NO
warranty; not even for MERCHANTABILITY or FITNESS FOR A PARTICULAR PURPOSE.

configure:4494: $? = 0
configure:4483: gcc -v >&5
Using built-in specs.
COLLECT_GCC=gcc
COLLECT_LTO_WRAPPER=/usr/lib/gcc/x86_64-linux-gnu/9/lto-wrapper
OFFLOAD_TARGET_NAMES=nvptx-none:hsa
OFFLOAD_TARGET_DEFAULT=1
Target: x86_64-linux-gnu
Configured with: ../src/configure -v --with-pkgversion='Ubuntu 9.4.0-1ubuntu1~20.04.2' --with-bugurl=file:///usr/share/doc/gcc-9/README.Bugs --enable-languages=c,ada,c++,go,brig,d,fortran,objc,obj-c++,gm2 --prefix=/usr --with-gcc-major-version-only --program-suffix=-9 --program-prefix=x86_64-linux-gnu- --enable-shared --enable-linker-build-id --libexecdir=/usr/lib --without-included-gettext --enable-threads=posix --libdir=/usr/lib --enable-nls --enable-clocale=gnu --enable-libstdcxx-debug --enable-libstdcxx-time=yes --with-default-libstdcxx-abi=new --enable-gnu-unique-object --disable-vtable-verify --enable-plugin --enable-default-pie --with-system-zlib --with-target-system-zlib=auto --enable-objc-gc=auto --enable-multiarch --disable-werror --with-arch-32=i686 --with-abi=m64 --with-multilib-list=m32,m64,mx32 --enable-multilib --with-tune=generic --enable-offload-targets=nvptx-none=/build/gcc-9-9QDOt0/gcc-9-9.4.0/debian/tmp-nvptx/usr,hsa --without-cuda-driver --enable-checking=release --build=x86_64-linux-gnu --host=x86_64-linux-gnu --target=x86_64-linux-gnu
Thread model: posix
gcc version 9.4.0 (Ubuntu 9.4.0-1ubuntu1~20.04.2) 
configure:4494: $? = 0
configure:4483: gcc -V >&5
gcc: error: unrecognized command line option '-V'
gcc: fatal error: no input files
compilation terminated.
configure:4494: $? = 1
configure:4483: gcc -qversion >&5
gcc: error: unrecognized command line option '-qversion'; did you mean '--version'?
gcc: fatal error: no input files
compilation terminated.
configure:4494: $? = 1
configure:4514: checking whether the C compiler works
configure:4536: gcc      conftest.c  >&5
configure:4540: $? = 0
configure:4588: result: yes
configure:4591: checking for C compiler default output file name
configure:4593: result: a.out
configure:4599: checking for suffix of executables
configure:4606: gcc -o conftest      conftest.c  >&5
configure:4610: $? = 0
configure:4632: result: 
configure:4654: checking whether we are cross compiling
configure:4662: gcc -o conftest      conftest.c  >&5
configure:4666: $? = 0
configure:4673: ./conftest
configure:4677: $? = 0
configure:4665: result: no
configure:4670: checking for suffix of object files
configure:4692: gcc -c    conftest.c >&5
configure:4696: $? = 0
configure:4717: result: o
configure:4721: checking whether we are using the GNU C compiler
configure:4740: gcc -c    conftest.c >&5
configure:4740: $? = 0
configure:4749: result: yes
configure:4758: checking whether gcc accepts -g
configure:4778: gcc -c -g   conftest.c >&5
configure:4778: $? = 0
configure:4819: result: yes
configure:4836: checking for gcc option to accept ISO C89
configure:4899: gcc  -c -g -O2   conftest.c >&5
configure:4899: $? = 0
configure:4912: result: none needed
configure:4932: checking for gcc option to accept ISO C99
configure:5081: gcc  -c -g -O2   conftest.c >&5
configure:5081: $? = 0
configure:5094: result: none needed
configure:5167: checking for g++
configure:5183: found /usr/bin/g++
configure:5194: result: g++
configure:5221: checking for C++ compiler version
configure:5230: g++ --version >&5
g++ (Ubuntu 9.4.0-1ubuntu1~20.04.2) 9.4.0
Copyright (C) 2019 Free Software Foundation, Inc.
This is free software; see the source for copying conditions.  There is NO
warranty; not even for MERCHANTABILITY or FITNESS FOR A PARTICULAR PURPOSE.

configure:5241: $? = 0
configure:5230: g++ -v >&5
Using built-in specs.
COLLECT_GCC=g++
COLLECT_LTO_WRAPPER=/usr/lib/gcc/x86_64-linux-gnu/9/lto-wrapper
OFFLOAD_TARGET_NAMES=nvptx-none:hsa
OFFLOAD_TARGET_DEFAULT=1
Target: x86_64-linux-gnu
Configured with: ../src/configure -v --with-pkgversion='Ubuntu 9.4.0-1ubuntu1~20.04.2' --with-bugurl=file:///usr/share/doc/gcc-9/README.Bugs --enable-languages=c,ada,c++,go,brig,d,fortran,objc,obj-c++,gm2 --prefix=/usr --with-gcc-major-version-only --program-suffix=-9 --program-prefix=x86_64-linux-gnu- --enable-shared --enable-linker-build-id --libexecdir=/usr/lib --without-included-gettext --enable-threads=posix --libdir=/usr/lib --enable-nls --enable-clocale=gnu --enable-libstdcxx-debug --enable-libstdcxx-time=yes --with-default-libstdcxx-abi=new --enable-gnu-unique-object --disable-vtable-verify --enable-plugin --enable-default-pie --with-system-zlib --with-target-system-zlib=auto --enable-objc-gc=auto --enable-multiarch --disable-werror --with-arch-32=i686 --with-abi=m64 --with-multilib-list=m32,m64,mx32 --enable-multilib --with-tune=generic --enable-offload-targets=nvptx-none=/build/gcc-9-9QDOt0/gcc-9-9.4.0/debian/tmp-nvptx/usr,hsa --without-cuda-driver --enable-checking=release --build=x86_64-linux-gnu --host=x86_64-linux-gnu --target=x86_64-linux-gnu
Thread model: posix
gcc version 9.4.0 (Ubuntu 9.4.0-1ubuntu1~20.04.2) 
configure:5241: $? = 0
configure:5230: g++ -V >&5
g++: error: unrecognized command line option '-V'
g++: fatal error: no input files
compilation terminated.
configure:5241: $? = 1
configure:5230: g++ -qversion >&5
g++: error: unrecognized command line option '-qversion'; did you mean '--version'?
g++: fatal error: no input files
compilation terminated.
configure:5241: $? = 1
configure:5245: checking whether we are using the GNU C++ compiler
configure:5264: g++ -c    conftest.cpp >&5
configure:5264: $? = 0
configure:5273: result: yes
configure:5282: checking whether g++ accepts -g
configure:5302: g++ -c -g   conftest.cpp >&5
configure:5302: $? = 0
configure:5343: result: yes
configure:5392: checking whether g++ accepts -static-libstdc++ -static-libgcc
configure:5409: g++ -o conftest -g -O2     -static-libstdc++ -static-libgcc conftest.cpp  >&5
configure:5409: $? = 0
configure:5410: result: yes
configure:5474: checking for gnatbind
configure:5504: result: no
configure:5566: checking for gnatmake
configure:5596: result: no
configure:5615: checking whether compiler driver understands Ada and is recent enough
configure:5642: result: no
configure:5696: checking for gdc
configure:5726: result: no
configure:5745: checking whether the D compiler works
configure:5762: result: no
configure:5770: checking how to compare bootstrapped objects
configure:5795: result: cmp --ignore-initial=16 $$f1 $$f2
configure:7939: checking for objdir
configure:7954: result: .libs
configure:8570: checking for isl 0.15 or later
configure:8583: gcc -o conftest -g -O2        -lisl -lmpfr -lgmp conftest.c  -lisl -lgmp >&5
conftest.c:10:10: fatal error: isl/schedule.h: No such file or directory
   10 | #include <isl/schedule.h>
      |          ^~~~~~~~~~~~~~~~
compilation terminated.
configure:8583: $? = 1
configure: failed program was:
| /* confdefs.h */
| #define PACKAGE_NAME ""
| #define PACKAGE_TARNAME ""
| #define PACKAGE_VERSION ""
| #define PACKAGE_STRING ""
| #define PACKAGE_BUGREPORT ""
| #define PACKAGE_URL ""
| #define LT_OBJDIR ".libs/"
| /* end confdefs.h.  */
| #include <isl/schedule.h>
| int
| main ()
| {
| isl_options_set_schedule_serialize_sccs (NULL, 0);
|   ;
|   return 0;
| }
configure:8590: result: no
configure:8594: result: required isl version is 0.15 or later
configure:9828: checking for default BUILD_CONFIG
configure:9860: result: 
configure:9865: checking for --enable-vtable-verify
configure:9878: result: no
configure:10555: checking for bison
configure:10571: found /usr/bin/bison
configure:10582: result: bison -y
configure:10602: checking for bison
configure:10618: found /usr/bin/bison
configure:10629: result: bison
configure:10649: checking for gm4
configure:10679: result: no
configure:10649: checking for gnum4
configure:10679: result: no
configure:10649: checking for m4
configure:10665: found /usr/bin/m4
configure:10676: result: m4
configure:10696: checking for flex
configure:10712: found /usr/bin/flex
configure:10723: result: flex
configure:10744: checking for flex
configure:10760: found /usr/bin/flex
configure:10771: result: flex
configure:10791: checking for makeinfo
configure:10821: result: no
configure:10852: checking for expect
configure:10882: result: no
configure:10901: checking for runtest
configure:10931: result: no
configure:11046: checking for ar
configure:11062: found /usr/bin/ar
configure:11073: result: ar
configure:11187: checking for as
configure:11203: found /usr/bin/as
configure:11214: result: as
configure:11328: checking for dlltool
configure:11358: result: no
configure:11469: checking for dsymutil
configure:11485: found /usr/bin/dsymutil
configure:11496: result: dsymutil
configure:11610: checking for ld
configure:11626: found /usr/bin/ld
configure:11637: result: ld
configure:11751: checking for lipo
configure:11781: result: no
configure:11892: checking for nm
configure:11908: found /usr/bin/nm
configure:11919: result: nm
configure:12033: checking for ranlib
configure:12049: found /usr/bin/ranlib
configure:12060: result: ranlib
configure:12169: checking for strip
configure:12185: found /usr/bin/strip
configure:12196: result: strip
configure:12305: checking for windres
configure:12335: result: no
configure:12446: checking for windmc
configure:12476: result: no
configure:12587: checking for objcopy
configure:12603: found /usr/bin/objcopy
configure:12614: result: objcopy
configure:12728: checking for objdump
configure:12744: found /usr/bin/objdump
configure:12755: result: objdump
configure:12869: checking for otool
configure:12899: result: no
configure:13010: checking for readelf
configure:13026: found /usr/bin/readelf
configure:13037: result: readelf
configure:13067: checking for -plugin option
configure:13187: result: --plugin /usr/lib/gcc/x86_64-linux-gnu/9/liblto_plugin.so
configure:13295: checking for arm-none-eabi-cc
configure:13325: result: no
configure:13295: checking for arm-none-eabi-gcc
configure:13325: result: no
configure:13456: checking for arm-none-eabi-c++
configure:13486: result: no
configure:13456: checking for arm-none-eabi-g++
configure:13486: result: no
configure:13456: checking for arm-none-eabi-cxx
configure:13486: result: no
configure:13456: checking for arm-none-eabi-gxx
configure:13486: result: no
configure:13617: checking for arm-none-eabi-gcc
configure:13647: result: no
configure:13773: checking for arm-none-eabi-gfortran
configure:13803: result: no
configure:13934: checking for arm-none-eabi-gccgo
configure:13964: result: no
configure:14095: checking for arm-none-eabi-gdc
configure:14125: result: no
configure:14256: checking for arm-none-eabi-gm2
configure:14286: result: no
configure:14497: checking for arm-none-eabi-ar
configure:14527: result: no
configure:14727: checking for arm-none-eabi-as
configure:14757: result: no
configure:14957: checking for arm-none-eabi-dlltool
configure:14987: result: no
configure:15187: checking for arm-none-eabi-dsymutil
configure:15217: result: no
configure:15417: checking for arm-none-eabi-ld
configure:15447: result: no
configure:15647: checking for arm-none-eabi-lipo
configure:15677: result: no
configure:15877: checking for arm-none-eabi-nm
configure:15907: result: no
configure:16107: checking for arm-none-eabi-objcopy
configure:16137: result: no
configure:16337: checking for arm-none-eabi-objdump
configure:16367: result: no
configure:16567: checking for arm-none-eabi-otool
configure:16597: result: no
configure:16797: checking for arm-none-eabi-ranlib
configure:16827: result: no
configure:17027: checking for arm-none-eabi-readelf
configure:17057: result: no
configure:17257: checking for arm-none-eabi-strip
configure:17287: result: no
configure:17487: checking for arm-none-eabi-windres
configure:17517: result: no
configure:17717: checking for arm-none-eabi-windmc
configure:17747: result: no
configure:17814: checking where to find the target ar
configure:17837: result: just compiled
configure:17856: checking where to find the target as
configure:17879: result: just compiled
configure:17898: checking where to find the target cc
configure:17935: result: pre-installed
configure:17940: checking where to find the target c++
configure:17980: result: pre-installed
configure:17985: checking where to find the target c++ for libstdc++
configure:18025: result: pre-installed
configure:18030: checking where to find the target dlltool
configure:18053: result: just compiled
configure:18072: checking where to find the target dsymutil
configure:18098: result: pre-installed
configure:18103: checking where to find the target gcc
configure:18140: result: pre-installed
configure:18145: checking where to find the target gfortran
configure:18185: result: pre-installed
configure:18190: checking where to find the target gccgo
configure:18230: result: pre-installed
configure:18235: checking where to find the target gdc
configure:18275: result: pre-installed
configure:18280: checking where to find the target gm2
configure:18320: result: pre-installed
configure:18325: checking where to find the target ld
configure:18348: result: just compiled
configure:18367: checking where to find the target lipo
configure:18393: result: pre-installed
configure:18398: checking where to find the target nm
configure:18421: result: just compiled
configure:18440: checking where to find the target objcopy
configure:18463: result: just compiled
configure:18482: checking where to find the target objdump
configure:18505: result: just compiled
configure:18524: checking where to find the target otool
configure:18550: result: pre-installed
configure:18555: checking where to find the target ranlib
configure:18578: result: just compiled
configure:18597: checking where to find the target readelf
configure:18620: result: just compiled
configure:18639: checking where to find the target strip
configure:18662: result: just compiled
configure:18681: checking where to find the target windres
configure:18704: result: just compiled
configure:18723: checking where to find the target windmc
configure:18746: result: just compiled
configure:18793: checking whether to enable maintainer-specific portions of Makefiles
configure:18802: result: no
configure:19039: creating ./config.status

## ---------------------- ##
## Running config.status. ##
## ---------------------- ##

This file was extended by config.status, which was
generated by GNU Autoconf 2.69.  Invocation command line was

  CONFIG_FILES    = 
  CONFIG_HEADERS  = 
  CONFIG_LINKS    = 
  CONFIG_COMMANDS = 
  $ ./config.status 

on codespaces-2cc13b

config.status:995: creating Makefile

## ---------------- ##
## Cache variables. ##
## ---------------- ##

ac_cv_build=x86_64-unknown-linux-gnu
ac_cv_c_compiler_gnu=yes
ac_cv_cxx_compiler_gnu=yes
ac_cv_env_AR_FOR_TARGET_set=
ac_cv_env_AR_FOR_TARGET_value=
ac_cv_env_AR_set=
ac_cv_env_AR_value=
ac_cv_env_AS_FOR_TARGET_set=
ac_cv_env_AS_FOR_TARGET_value=
ac_cv_env_AS_set=
ac_cv_env_AS_value=
ac_cv_env_CCC_set=
ac_cv_env_CCC_value=
ac_cv_env_CC_FOR_TARGET_set=
ac_cv_env_CC_FOR_TARGET_value=
ac_cv_env_CC_set=
ac_cv_env_CC_value=
ac_cv_env_CFLAGS_set=
ac_cv_env_CFLAGS_value=
ac_cv_env_CPPFLAGS_set=set
ac_cv_env_CPPFLAGS_value=' '
ac_cv_env_CXXFLAGS_set=
ac_cv_env_CXXFLAGS_value=
ac_cv_env_CXX_FOR_TARGET_set=
ac_cv_env_CXX_FOR_TARGET_value=
ac_cv_env_CXX_set=
ac_cv_env_CXX_value=
ac_cv_env_DLLTOOL_FOR_TARGET_set=
ac_cv_env_DLLTOOL_FOR_TARGET_value=
ac_cv_env_DLLTOOL_set=
ac_cv_env_DLLTOOL_value=
ac_cv_env_DSYMUTIL_FOR_TARGET_set=
ac_cv_env_DSYMUTIL_FOR_TARGET_value=
ac_cv_env_DSYMUTIL_set=
ac_cv_env_DSYMUTIL_value=
ac_cv_env_GCC_FOR_TARGET_set=
ac_cv_env_GCC_FOR_TARGET_value=
ac_cv_env_GDC_FOR_TARGET_set=
ac_cv_env_GDC_FOR_TARGET_value=
ac_cv_env_GFORTRAN_FOR_TARGET_set=
ac_cv_env_GFORTRAN_FOR_TARGET_value=
ac_cv_env_GM2_FOR_TARGET_set=
ac_cv_env_GM2_FOR_TARGET_value=
ac_cv_env_GOC_FOR_TARGET_set=
ac_cv_env_GOC_FOR_TARGET_value=
ac_cv_env_LDFLAGS_set=set
ac_cv_env_LDFLAGS_value=' '
ac_cv_env_LD_FOR_TARGET_set=
ac_cv_env_LD_FOR_TARGET_value=
ac_cv_env_LD_set=
ac_cv_env_LD_value=
ac_cv_env_LIBS_set=
ac_cv_env_LIBS_value=
ac_cv_env_LIPO_FOR_TARGET_set=
ac_cv_env_LIPO_FOR_TARGET_value=
ac_cv_env_LIPO_set=
ac_cv_env_LIPO_value=
ac_cv_env_NM_FOR_TARGET_set=
ac_cv_env_NM_FOR_TARGET_value=
ac_cv_env_NM_set=
ac_cv_env_NM_value=
ac_cv_env_OBJCOPY_FOR_TARGET_set=
ac_cv_env_OBJCOPY_FOR_TARGET_value=
ac_cv_env_OBJCOPY_set=
ac_cv_env_OBJCOPY_value=
ac_cv_env_OBJDUMP_FOR_TARGET_set=
ac_cv_env_OBJDUMP_FOR_TARGET_value=
ac_cv_env_OBJDUMP_set=
ac_cv_env_OBJDUMP_value=
ac_cv_env_OTOOL_FOR_TARGET_set=
ac_cv_env_OTOOL_FOR_TARGET_value=
ac_cv_env_OTOOL_set=
ac_cv_env_OTOOL_value=
ac_cv_env_RANLIB_FOR_TARGET_set=
ac_cv_env_RANLIB_FOR_TARGET_value=
ac_cv_env_RANLIB_set=
ac_cv_env_RANLIB_value=
ac_cv_env_READELF_FOR_TARGET_set=
ac_cv_env_READELF_FOR_TARGET_value=
ac_cv_env_READELF_set=
ac_cv_env_READELF_value=
ac_cv_env_STRIP_FOR_TARGET_set=
ac_cv_env_STRIP_FOR_TARGET_value=
ac_cv_env_STRIP_set=
ac_cv_env_STRIP_value=
ac_cv_env_WINDMC_FOR_TARGET_set=
ac_cv_env_WINDMC_FOR_TARGET_value=
ac_cv_env_WINDMC_set=
ac_cv_env_WINDMC_value=
ac_cv_env_WINDRES_FOR_TARGET_set=
ac_cv_env_WINDRES_FOR_TARGET_value=
ac_cv_env_WINDRES_set=
ac_cv_env_WINDRES_value=
ac_cv_env_build_alias_set=set
ac_cv_env_build_alias_value=x86_64-unknown-linux-gnu
ac_cv_env_build_configargs_set=
ac_cv_env_build_configargs_value=
ac_cv_env_host_alias_set=
ac_cv_env_host_alias_value=
ac_cv_env_host_configargs_set=
ac_cv_env_host_configargs_value=
ac_cv_env_target_alias_set=set
ac_cv_env_target_alias_value=arm-none-eabi
ac_cv_env_target_configargs_set=
ac_cv_env_target_configargs_value=
ac_cv_host=x86_64-unknown-linux-gnu
ac_cv_objext=o
ac_cv_path_SED=/usr/bin/sed
ac_cv_path_install='/usr/bin/install -c'
ac_cv_prog_AR=ar
ac_cv_prog_AS=as
ac_cv_prog_AWK=gawk
ac_cv_prog_BISON=bison
ac_cv_prog_DSYMUTIL=dsymutil
ac_cv_prog_FLEX=flex
ac_cv_prog_LD=ld
ac_cv_prog_LEX=flex
ac_cv_prog_M4=m4
ac_cv_prog_NM=nm
ac_cv_prog_OBJCOPY=objcopy
ac_cv_prog_OBJDUMP=objdump
ac_cv_prog_RANLIB=ranlib
ac_cv_prog_READELF=readelf
ac_cv_prog_STRIP=strip
ac_cv_prog_YACC='bison -y'
ac_cv_prog_ac_ct_CC=gcc
ac_cv_prog_ac_ct_CXX=g++
ac_cv_prog_cc_c89=
ac_cv_prog_cc_c99=
ac_cv_prog_cc_g=yes
ac_cv_prog_cxx_g=yes
ac_cv_target=arm-none-eabi
acx_cv_cc_gcc_supports_ada=no
acx_cv_d_compiler_works=no
acx_cv_prog_LN=ln
gcc_cv_isl=no
gcc_cv_prog_cmp_skip='cmp --ignore-initial=16 $$f1 $$f2'
gcc_cv_tool_dirs=
gcc_cv_tool_prefix=/opt/devkitpro/devkitARM
lt_cv_objdir=.libs

## ----------------- ##
## Output variables. ##
## ----------------- ##

AR='ar'
AR_FOR_BUILD='$(AR)'
AR_FOR_TARGET='$$r/$(HOST_SUBDIR)/binutils/ar'
AR_PLUGIN_OPTION='--plugin /usr/lib/gcc/x86_64-linux-gnu/9/liblto_plugin.so'
AS='as'
AS_FOR_BUILD='$(AS)'
AS_FOR_TARGET='$$r/$(HOST_SUBDIR)/gas/as-new'
AWK='gawk'
BISON='bison'
BUILD_CONFIG=''
CC='gcc'
CC_FOR_BUILD='$(CC)'
CC_FOR_TARGET='arm-none-eabi-cc'
CFLAGS='-g -O2'
CFLAGS_FOR_BUILD='-g -O2'
CFLAGS_FOR_TARGET='-g -O2'
COMPILER_AS_FOR_TARGET='$(AS_FOR_TARGET)'
COMPILER_LD_FOR_TARGET='$(LD_FOR_TARGET)'
COMPILER_NM_FOR_TARGET='$(NM_FOR_TARGET)'
CONFIGURE_GDB_TK=''
CPPFLAGS=' '
CPPFLAGS_FOR_BUILD=' '
CPP_FOR_BUILD=''
CXX='g++'
CXXFLAGS='-g -O2'
CXXFLAGS_FOR_BUILD='-g -O2'
CXXFLAGS_FOR_TARGET='-g -O2'
CXX_FOR_BUILD='$(CXX)'
CXX_FOR_TARGET='arm-none-eabi-c++'
DEBUG_PREFIX_CFLAGS_FOR_TARGET=''
DEFS='-DPACKAGE_NAME=\"\" -DPACKAGE_TARNAME=\"\" -DPACKAGE_VERSION=\"\" -DPACKAGE_STRING=\"\" -DPACKAGE_BUGREPORT=\"\" -DPACKAGE_URL=\"\" -DLT_OBJDIR=\".libs/\"'
DLLTOOL='dlltool'
DLLTOOL_FOR_BUILD='$(DLLTOOL)'
DLLTOOL_FOR_TARGET='$$r/$(HOST_SUBDIR)/binutils/dlltool'
DSYMUTIL='dsymutil'
DSYMUTIL_FOR_BUILD='$(DSYMUTIL)'
DSYMUTIL_FOR_TARGET='arm-none-eabi-dsymutil'
ECHO_C=''
ECHO_N='-n'
ECHO_T=''
EXEEXT=''
EXPECT='expect'
FLAGS_FOR_TARGET=' -L$$r/$(HOST_SUBDIR)/ld'
FLEX='flex'
GCC_FOR_TARGET='arm-none-eabi-gcc'
GCC_SHLIB_SUBDIR=''
GDB_TK=''
GDC='no'
GDCFLAGS='-g -O2'
GDC_FOR_BUILD='$(GDC)'
GDC_FOR_TARGET='arm-none-eabi-gdc'
GFORTRAN_FOR_BUILD='$(GFORTRAN)'
GFORTRAN_FOR_TARGET='arm-none-eabi-gfortran'
GM2_FOR_TARGET='arm-none-eabi-gm2'
GNATBIND='no'
GNATMAKE='no'
GOC_FOR_BUILD='$(GOC)'
GOC_FOR_TARGET='arm-none-eabi-gccgo'
HAVE_CXX11=''
HAVE_CXX11_FOR_BUILD=''
INSTALL_DATA='${INSTALL} -m 644'
INSTALL_GDB_TK=''
INSTALL_PROGRAM='${INSTALL}'
INSTALL_SCRIPT='${INSTALL}'
LD='ld'
LDFLAGS=' '
LDFLAGS_FOR_BUILD=' '
LDFLAGS_FOR_TARGET=''
LD_FOR_BUILD='$(LD)'
LD_FOR_TARGET='$$r/$(HOST_SUBDIR)/ld/ld-new'
LEX='flex'
LIBOBJS=''
LIBS=''
LIPO='lipo'
LIPO_FOR_TARGET='arm-none-eabi-lipo'
LN='ln'
LN_S='ln -s'
LTLIBOBJS=''
M4='m4'
MAINT='#'
MAINTAINER_MODE_FALSE=''
MAINTAINER_MODE_TRUE='#'
MAKEINFO='/workspaces/http-ftp/devkitpro/.devkitARM/binutils-2.42/missing makeinfo'
NM='nm'
NM_FOR_BUILD='$(NM)'
NM_FOR_TARGET='$$r/$(HOST_SUBDIR)/binutils/nm-new'
OBJCOPY='objcopy'
OBJCOPY_FOR_TARGET='$$r/$(HOST_SUBDIR)/binutils/objcopy'
OBJDUMP='objdump'
OBJDUMP_FOR_TARGET='$$r/$(HOST_SUBDIR)/binutils/objdump'
OBJEXT='o'
OTOOL='otool'
OTOOL_FOR_TARGET='arm-none-eabi-otool'
PACKAGE_BUGREPORT=''
PACKAGE_NAME=''
PACKAGE_STRING=''
PACKAGE_TARNAME=''
PACKAGE_URL=''
PACKAGE_VERSION=''
PATH_SEPARATOR=':'
PGO_BUILD_GEN_CFLAGS=''
PGO_BUILD_LTO_CFLAGS=''
PGO_BUILD_USE_CFLAGS=''
PICFLAG=''
PKG_CONFIG_PATH=''
RANLIB='ranlib'
RANLIB_FOR_BUILD='$(RANLIB)'
RANLIB_FOR_TARGET='$$r/$(HOST_SUBDIR)/binutils/ranlib'
RANLIB_PLUGIN_OPTION='--plugin /usr/lib/gcc/x86_64-linux-gnu/9/liblto_plugin.so'
RAW_CXX_FOR_TARGET='arm-none-eabi-c++'
READELF='readelf'
READELF_FOR_TARGET='$$r/$(HOST_SUBDIR)/binutils/readelf'
RPATH_ENVVAR='LD_LIBRARY_PATH'
RUNTEST='runtest'
SED='/usr/bin/sed'
SHELL='/bin/bash'
STRIP='strip'
STRIP_FOR_TARGET='$$r/$(HOST_SUBDIR)/binutils/strip-new'
SYSROOT_CFLAGS_FOR_TARGET=''
TOPLEVEL_CONFIGURE_ARGUMENTS='../../binutils-2.42/configure --prefix=/opt/devkitpro/devkitARM --target=arm-none-eabi --disable-nls --disable-werror --enable-lto --enable-plugins --enable-poison-system-directories --build=x86_64-unknown-linux-gnu'
WINDMC='windmc'
WINDMC_FOR_BUILD='$(WINDMC)'
WINDMC_FOR_TARGET='$$r/$(HOST_SUBDIR)/binutils/windmc'
WINDRES='windres'
WINDRES_FOR_BUILD='$(WINDRES)'
WINDRES_FOR_TARGET='$$r/$(HOST_SUBDIR)/binutils/windres'
YACC='bison -y'
ac_ct_CC='gcc'
ac_ct_CXX='g++'
bindir='${exec_prefix}/bin'
build='x86_64-unknown-linux-gnu'
build_alias='x86_64-unknown-linux-gnu'
build_configargs=' --cache-file=./config.cache '\''--prefix=/opt/devkitpro/devkitARM'\'' '\''--disable-nls'\'' '\''--disable-werror'\'' '\''--enable-lto'\'' '\''--enable-plugins'\'' '\''--enable-poison-system-directories'\'' --program-transform-name='\''s&^&arm-none-eabi-&'\'' --disable-option-checking'
build_configdirs=' libiberty'
build_cpu='x86_64'
build_libsubdir='build-x86_64-unknown-linux-gnu'
build_noncanonical='x86_64-unknown-linux-gnu'
build_os='linux-gnu'
build_subdir='build-x86_64-unknown-linux-gnu'
build_tooldir='${exec_prefix}/arm-none-eabi'
build_vendor='unknown'
compare_exclusions='gcc/cc*-checksum$(objext) | gcc/ada/*tools/* | gcc/m2/gm2-compiler-boot/M2Version* | gcc/m2/gm2-compiler-boot/SYSTEM* | gcc/m2/gm2version*'
configdirs=' libiberty opcodes bfd zlib libctf libsframe binutils gas ld gprof etc'
datadir='${datarootdir}'
datarootdir='${prefix}/share'
do_compare='cmp --ignore-initial=16 $$f1 $$f2'
docdir='${datarootdir}/doc/${PACKAGE}'
dvidir='${docdir}'
exec_prefix='${prefix}'
extra_host_libiberty_configure_flags=''
extra_host_zlib_configure_flags=''
extra_isl_gmp_configure_flags=''
extra_linker_plugin_configure_flags=''
extra_linker_plugin_flags=''
extra_mpc_gmp_configure_flags=''
extra_mpc_mpfr_configure_flags=''
extra_mpfr_configure_flags=''
gcc_host_pie=''
get_gcc_base_ver='cat'
gmpinc=''
gmplibs='-lmpfr -lgmp'
host='x86_64-unknown-linux-gnu'
host_alias=''
host_configargs=' --cache-file=./config.cache  --with-gnu-as --with-gnu-ld '\''--prefix=/opt/devkitpro/devkitARM'\'' '\''--disable-nls'\'' '\''--disable-werror'\'' '\''--enable-lto'\'' '\''--enable-plugins'\'' '\''--enable-poison-system-directories'\'' --program-transform-name='\''s&^&arm-none-eabi-&'\'' --disable-option-checking'
host_cpu='x86_64'
host_libs_picflag=''
host_noncanonical='x86_64-unknown-linux-gnu'
host_os='linux-gnu'
host_pie='no'
host_shared='no'
host_subdir='.'
host_vendor='unknown'
htmldir='${docdir}'
includedir='${prefix}/include'
infodir='${datarootdir}/info'
islinc=''
isllibs=''
libdir='${exec_prefix}/lib'
libexecdir='${exec_prefix}/libexec'
localedir='${datarootdir}/locale'
localstatedir='${prefix}/var'
mandir='${datarootdir}/man'
oldincludedir='/usr/include'
pdfdir='${docdir}'
poststage1_ldflags='-static-libstdc++ -static-libgcc'
poststage1_libs=''
prefix='/opt/devkitpro/devkitARM'
program_transform_name='s&^&arm-none-eabi-&'
psdir='${docdir}'
sbindir='${exec_prefix}/sbin'
sharedstatedir='${prefix}/com'
stage1_cflags='-g'
stage1_checking='--enable-checking=yes,types'
stage1_languages=',c,'
stage1_ldflags=''
stage1_libs=''
stage2_werror_flag=''
sysconfdir='${prefix}/etc'
target='arm-none-eabi'
target_alias='arm-none-eabi'
target_configargs='--cache-file=./config.cache --enable-multilib --with-cross-host=x86_64-unknown-linux-gnu   '\''--prefix=/opt/devkitpro/devkitARM'\'' '\''--disable-nls'\'' '\''--disable-werror'\'' '\''--enable-lto'\'' '\''--enable-plugins'\'' '\''--enable-poison-system-directories'\'' --program-transform-name='\''s&^&arm-none-eabi-&'\'' --disable-option-checking --disable-year2038'
target_configdirs=''
target_cpu='arm'
target_noncanonical='arm-none-eabi'
target_os='eabi'
target_subdir='arm-none-eabi'
target_vendor='none'
tooldir='${exec_prefix}/arm-none-eabi'

## ------------------- ##
## File substitutions. ##
## ------------------- ##

alphaieee_frag='/dev/null'
host_makefile_frag='/dev/null'
ospace_frag='/dev/null'
serialization_dependencies='serdep.tmp'
target_makefile_frag='/dev/null'

## ----------- ##
## confdefs.h. ##
## ----------- ##

/* confdefs.h */
#define PACKAGE_NAME ""
#define PACKAGE_TARNAME ""
#define PACKAGE_VERSION ""
#define PACKAGE_STRING ""
#define PACKAGE_BUGREPORT ""
#define PACKAGE_URL ""
#define LT_OBJDIR ".libs/"

configure: exit 0
