This file contains any messages produced by compilers while
running configure, to aid debugging if configure makes a mistake.

It was created by bfd configure 2.42, which was
generated by GNU Autoconf 2.69.  Invocation command line was

  $ /workspaces/http-ftp/devkitpro/.devkitARM/binutils-2.42/bfd/configure --srcdir=../../../binutils-2.42/bfd --cache-file=./config.cache --with-gnu-as --with-gnu-ld --prefix=/opt/devkitpro/devkitARM --disable-nls --disable-werror --enable-lto --enable-plugins --enable-poison-system-directories --program-transform-name=s&^&arm-none-eabi-& --disable-option-checking --build=x86_64-unknown-linux-gnu --host=x86_64-unknown-linux-gnu --target=arm-none-eabi

## --------- ##
## Platform. ##
## --------- ##

hostname = codespaces-2cc13b
uname -m = x86_64
uname -r = 6.5.0-1022-azure
uname -s = Linux
uname -v = #23~22.04.1-Ubuntu SMP Thu May  9 17:59:24 UTC 2024

/usr/bin/uname -p = x86_64
/bin/uname -X     = unknown

/bin/arch              = x86_64
/usr/bin/arch -k       = unknown
/usr/convex/getsysinfo = unknown
/usr/bin/hostinfo      = unknown
/bin/machine           = unknown
/usr/bin/oslevel       = unknown
/bin/universe          = unknown

PATH: /opt/devkitpro/devkitARM/bin
PATH: /usr/local/rvm/gems/ruby-3.2.4/bin
PATH: /usr/local/rvm/gems/ruby-3.2.4@global/bin
PATH: /usr/local/rvm/rubies/ruby-3.2.4/bin
PATH: /vscode/bin/linux-x64/5437499feb04f7a586f677b155b039bc2b3669eb/bin/remote-cli
PATH: /home/codespace/.local/bin
PATH: /home/codespace/.dotnet
PATH: /home/codespace/nvm/current/bin
PATH: /home/codespace/.php/current/bin
PATH: /home/codespace/.python/current/bin
PATH: /home/codespace/java/current/bin
PATH: /home/codespace/.ruby/current/bin
PATH: /home/codespace/.local/bin
PATH: /usr/local/python/current/bin
PATH: /usr/local/py-utils/bin
PATH: /usr/local/oryx
PATH: /usr/local/go/bin
PATH: /go/bin
PATH: /usr/local/sdkman/bin
PATH: /usr/local/sdkman/candidates/java/current/bin
PATH: /usr/local/sdkman/candidates/gradle/current/bin
PATH: /usr/local/sdkman/candidates/maven/current/bin
PATH: /usr/local/sdkman/candidates/ant/current/bin
PATH: /usr/local/rvm/gems/default/bin
PATH: /usr/local/rvm/gems/default@global/bin
PATH: /usr/local/rvm/rubies/default/bin
PATH: /usr/local/share/rbenv/bin
PATH: /usr/local/php/current/bin
PATH: /opt/conda/bin
PATH: /usr/local/nvs
PATH: /usr/local/share/nvm/versions/node/v20.14.0/bin
PATH: /usr/local/hugo/bin
PATH: /usr/local/sbin
PATH: /usr/local/bin
PATH: /usr/sbin
PATH: /usr/bin
PATH: /sbin
PATH: /bin
PATH: /usr/share/dotnet
PATH: /home/codespace/.dotnet/tools
PATH: /usr/local/rvm/bin


## ----------- ##
## Core tests. ##
## ----------- ##

configure:2495: creating cache ./config.cache
configure:2610: checking build system type
configure:2624: result: x86_64-unknown-linux-gnu
configure:2644: checking host system type
configure:2657: result: x86_64-unknown-linux-gnu
configure:2677: checking target system type
configure:2690: result: arm-none-eabi
configure:2733: checking for a BSD-compatible install
configure:2801: result: /usr/bin/install -c
configure:2812: checking whether build environment is sane
configure:2867: result: yes
configure:3016: checking for a thread-safe mkdir -p
configure:3055: result: /usr/bin/mkdir -p
configure:3062: checking for gawk
configure:3089: result: gawk
configure:3100: checking whether /usr/bin/make sets $(MAKE)
configure:3122: result: yes
configure:3151: checking whether /usr/bin/make supports nested variables
configure:3168: result: yes
configure:3305: checking whether /usr/bin/make supports nested variables
configure:3322: result: yes
configure:3337: checking for x86_64-unknown-linux-gnu-ar
configure:3364: result: ar --plugin /usr/lib/gcc/x86_64-linux-gnu/9/liblto_plugin.so
configure:3429: checking for x86_64-unknown-linux-gnu-ranlib
configure:3456: result: ranlib --plugin /usr/lib/gcc/x86_64-linux-gnu/9/liblto_plugin.so
configure:3559: checking for x86_64-unknown-linux-gnu-gcc
configure:3586: result: gcc
configure:3855: checking for C compiler version
configure:3864: gcc --version >&5
gcc (Ubuntu 9.4.0-1ubuntu1~20.04.2) 9.4.0
Copyright (C) 2019 Free Software Foundation, Inc.
This is free software; see the source for copying conditions.  There is NO
warranty; not even for MERCHANTABILITY or FITNESS FOR A PARTICULAR PURPOSE.

configure:3875: $? = 0
configure:3864: gcc -v >&5
Using built-in specs.
COLLECT_GCC=gcc
COLLECT_LTO_WRAPPER=/usr/lib/gcc/x86_64-linux-gnu/9/lto-wrapper
OFFLOAD_TARGET_NAMES=nvptx-none:hsa
OFFLOAD_TARGET_DEFAULT=1
Target: x86_64-linux-gnu
Configured with: ../src/configure -v --with-pkgversion='Ubuntu 9.4.0-1ubuntu1~20.04.2' --with-bugurl=file:///usr/share/doc/gcc-9/README.Bugs --enable-languages=c,ada,c++,go,brig,d,fortran,objc,obj-c++,gm2 --prefix=/usr --with-gcc-major-version-only --program-suffix=-9 --program-prefix=x86_64-linux-gnu- --enable-shared --enable-linker-build-id --libexecdir=/usr/lib --without-included-gettext --enable-threads=posix --libdir=/usr/lib --enable-nls --enable-clocale=gnu --enable-libstdcxx-debug --enable-libstdcxx-time=yes --with-default-libstdcxx-abi=new --enable-gnu-unique-object --disable-vtable-verify --enable-plugin --enable-default-pie --with-system-zlib --with-target-system-zlib=auto --enable-objc-gc=auto --enable-multiarch --disable-werror --with-arch-32=i686 --with-abi=m64 --with-multilib-list=m32,m64,mx32 --enable-multilib --with-tune=generic --enable-offload-targets=nvptx-none=/build/gcc-9-9QDOt0/gcc-9-9.4.0/debian/tmp-nvptx/usr,hsa --without-cuda-driver --enable-checking=release --build=x86_64-linux-gnu --host=x86_64-linux-gnu --target=x86_64-linux-gnu
Thread model: posix
gcc version 9.4.0 (Ubuntu 9.4.0-1ubuntu1~20.04.2) 
configure:3875: $? = 0
configure:3864: gcc -V >&5
gcc: error: unrecognized command line option '-V'
gcc: fatal error: no input files
compilation terminated.
configure:3875: $? = 1
configure:3864: gcc -qversion >&5
gcc: error: unrecognized command line option '-qversion'; did you mean '--version'?
gcc: fatal error: no input files
compilation terminated.
configure:3875: $? = 1
configure:3895: checking whether the C compiler works
configure:3917: gcc -g -O2        conftest.c  >&5
configure:3921: $? = 0
configure:3969: result: yes
configure:3972: checking for C compiler default output file name
configure:3974: result: a.out
configure:3980: checking for suffix of executables
configure:3987: gcc -o conftest -g -O2        conftest.c  >&5
configure:3991: $? = 0
configure:4013: result: 
configure:4035: checking whether we are cross compiling
configure:4043: gcc -o conftest -g -O2        conftest.c  >&5
configure:4047: $? = 0
configure:4054: ./conftest
configure:4058: $? = 0
configure:4046: result: no
configure:4051: checking for suffix of object files
configure:4073: gcc -c -g -O2      conftest.c >&5
configure:4077: $? = 0
configure:4098: result: o
configure:4102: checking whether we are using the GNU C compiler
configure:4121: gcc -c -g -O2      conftest.c >&5
configure:4121: $? = 0
configure:4130: result: yes
configure:4139: checking whether gcc accepts -g
configure:4159: gcc -c -g  conftest.c >&5
configure:4159: $? = 0
configure:4200: result: yes
configure:4217: checking for gcc option to accept ISO C89
configure:4280: gcc  -c -g -O2      conftest.c >&5
configure:4280: $? = 0
configure:4293: result: none needed
configure:4318: checking whether gcc understands -c and -o together
configure:4340: gcc -c conftest.c -o conftest2.o
configure:4343: $? = 0
configure:4340: gcc -c conftest.c -o conftest2.o
configure:4343: $? = 0
configure:4355: result: yes
configure:4383: checking for style of include used by /usr/bin/make
configure:4411: result: GNU
configure:4437: checking dependency style of gcc
configure:4548: result: gcc3
configure:4569: checking how to run the C preprocessor
configure:4600: gcc -E  conftest.c
configure:4600: $? = 0
configure:4614: gcc -E  conftest.c
conftest.c:11:10: fatal error: ac_nonexistent.h: No such file or directory
   11 | #include <ac_nonexistent.h>
      |          ^~~~~~~~~~~~~~~~~~
compilation terminated.
configure:4614: $? = 1
configure: failed program was:
| /* confdefs.h */
| #define PACKAGE_NAME "bfd"
| #define PACKAGE_TARNAME "bfd"
| #define PACKAGE_VERSION "2.42"
| #define PACKAGE_STRING "bfd 2.42"
| #define PACKAGE_BUGREPORT ""
| #define PACKAGE_URL ""
| #define PACKAGE "bfd"
| #define VERSION "2.42"
| /* end confdefs.h.  */
| #include <ac_nonexistent.h>
configure:4639: result: gcc -E
configure:4659: gcc -E  conftest.c
configure:4659: $? = 0
configure:4673: gcc -E  conftest.c
conftest.c:11:10: fatal error: ac_nonexistent.h: No such file or directory
   11 | #include <ac_nonexistent.h>
      |          ^~~~~~~~~~~~~~~~~~
compilation terminated.
configure:4673: $? = 1
configure: failed program was:
| /* confdefs.h */
| #define PACKAGE_NAME "bfd"
| #define PACKAGE_TARNAME "bfd"
| #define PACKAGE_VERSION "2.42"
| #define PACKAGE_STRING "bfd 2.42"
| #define PACKAGE_BUGREPORT ""
| #define PACKAGE_URL ""
| #define PACKAGE "bfd"
| #define VERSION "2.42"
| /* end confdefs.h.  */
| #include <ac_nonexistent.h>
configure:4702: checking for grep that handles long lines and -e
configure:4760: result: /usr/bin/grep
configure:4765: checking for egrep
configure:4827: result: /usr/bin/grep -E
configure:4832: checking for ANSI C header files
configure:4852: gcc -c -g -O2      conftest.c >&5
configure:4852: $? = 0
configure:4925: gcc -o conftest -g -O2        conftest.c  >&5
configure:4925: $? = 0
configure:4925: ./conftest
configure:4925: $? = 0
configure:4936: result: yes
configure:4949: checking for sys/types.h
configure:4949: gcc -c -g -O2      conftest.c >&5
configure:4949: $? = 0
configure:4949: result: yes
configure:4949: checking for sys/stat.h
configure:4949: gcc -c -g -O2      conftest.c >&5
configure:4949: $? = 0
configure:4949: result: yes
configure:4949: checking for stdlib.h
configure:4949: gcc -c -g -O2      conftest.c >&5
configure:4949: $? = 0
configure:4949: result: yes
configure:4949: checking for string.h
configure:4949: gcc -c -g -O2      conftest.c >&5
configure:4949: $? = 0
configure:4949: result: yes
configure:4949: checking for memory.h
configure:4949: gcc -c -g -O2      conftest.c >&5
configure:4949: $? = 0
configure:4949: result: yes
configure:4949: checking for strings.h
configure:4949: gcc -c -g -O2      conftest.c >&5
configure:4949: $? = 0
configure:4949: result: yes
configure:4949: checking for inttypes.h
configure:4949: gcc -c -g -O2      conftest.c >&5
configure:4949: $? = 0
configure:4949: result: yes
configure:4949: checking for stdint.h
configure:4949: gcc -c -g -O2      conftest.c >&5
configure:4949: $? = 0
configure:4949: result: yes
configure:4949: checking for unistd.h
configure:4949: gcc -c -g -O2      conftest.c >&5
configure:4949: $? = 0
configure:4949: result: yes
configure:4962: checking minix/config.h usability
configure:4962: gcc -c -g -O2      conftest.c >&5
conftest.c:54:10: fatal error: minix/config.h: No such file or directory
   54 | #include <minix/config.h>
      |          ^~~~~~~~~~~~~~~~
compilation terminated.
configure:4962: $? = 1
configure: failed program was:
| /* confdefs.h */
| #define PACKAGE_NAME "bfd"
| #define PACKAGE_TARNAME "bfd"
| #define PACKAGE_VERSION "2.42"
| #define PACKAGE_STRING "bfd 2.42"
| #define PACKAGE_BUGREPORT ""
| #define PACKAGE_URL ""
| #define PACKAGE "bfd"
| #define VERSION "2.42"
| #define STDC_HEADERS 1
| #define HAVE_SYS_TYPES_H 1
| #define HAVE_SYS_STAT_H 1
| #define HAVE_STDLIB_H 1
| #define HAVE_STRING_H 1
| #define HAVE_MEMORY_H 1
| #define HAVE_STRINGS_H 1
| #define HAVE_INTTYPES_H 1
| #define HAVE_STDINT_H 1
| #define HAVE_UNISTD_H 1
| /* end confdefs.h.  */
| #include <stdio.h>
| #ifdef HAVE_SYS_TYPES_H
| # include <sys/types.h>
| #endif
| #ifdef HAVE_SYS_STAT_H
| # include <sys/stat.h>
| #endif
| #ifdef STDC_HEADERS
| # include <stdlib.h>
| # include <stddef.h>
| #else
| # ifdef HAVE_STDLIB_H
| #  include <stdlib.h>
| # endif
| #endif
| #ifdef HAVE_STRING_H
| # if !defined STDC_HEADERS && defined HAVE_MEMORY_H
| #  include <memory.h>
| # endif
| # include <string.h>
| #endif
| #ifdef HAVE_STRINGS_H
| # include <strings.h>
| #endif
| #ifdef HAVE_INTTYPES_H
| # include <inttypes.h>
| #endif
| #ifdef HAVE_STDINT_H
| # include <stdint.h>
| #endif
| #ifdef HAVE_UNISTD_H
| # include <unistd.h>
| #endif
| #include <minix/config.h>
configure:4962: result: no
configure:4962: checking minix/config.h presence
configure:4962: gcc -E  conftest.c
conftest.c:21:10: fatal error: minix/config.h: No such file or directory
   21 | #include <minix/config.h>
      |          ^~~~~~~~~~~~~~~~
compilation terminated.
configure:4962: $? = 1
configure: failed program was:
| /* confdefs.h */
| #define PACKAGE_NAME "bfd"
| #define PACKAGE_TARNAME "bfd"
| #define PACKAGE_VERSION "2.42"
| #define PACKAGE_STRING "bfd 2.42"
| #define PACKAGE_BUGREPORT ""
| #define PACKAGE_URL ""
| #define PACKAGE "bfd"
| #define VERSION "2.42"
| #define STDC_HEADERS 1
| #define HAVE_SYS_TYPES_H 1
| #define HAVE_SYS_STAT_H 1
| #define HAVE_STDLIB_H 1
| #define HAVE_STRING_H 1
| #define HAVE_MEMORY_H 1
| #define HAVE_STRINGS_H 1
| #define HAVE_INTTYPES_H 1
| #define HAVE_STDINT_H 1
| #define HAVE_UNISTD_H 1
| /* end confdefs.h.  */
| #include <minix/config.h>
configure:4962: result: no
configure:4962: checking for minix/config.h
configure:4962: result: no
configure:4983: checking whether it is safe to define __EXTENSIONS__
configure:5001: gcc -c -g -O2      conftest.c >&5
configure:5001: $? = 0
configure:5008: result: yes
configure:5071: checking how to print strings
configure:5098: result: printf
configure:5119: checking for a sed that does not truncate output
configure:5183: result: /usr/bin/sed
configure:5201: checking for fgrep
configure:5263: result: /usr/bin/grep -F
configure:5298: checking for ld used by gcc
configure:5365: result: ld
configure:5372: checking if the linker (ld) is GNU ld
configure:5387: result: yes
configure:5399: checking for BSD- or MS-compatible name lister (nm)
configure:5455: result: /usr/bin/nm -B
configure:5585: checking the name lister (/usr/bin/nm -B) interface
configure:5592: gcc -c -g -O2      conftest.c >&5
configure:5595: /usr/bin/nm -B "conftest.o"
configure:5598: output
0000000000000000 B some_variable
configure:5599: result: BSD nm
configure:5602: checking whether ln -s works
configure:5606: result: yes
configure:5614: checking the maximum length of command line arguments
configure:5739: result: 1572864
configure:5756: checking whether the shell understands some XSI constructs
configure:5765: result: yes
configure:5769: checking whether the shell understands "+="
configure:5773: result: yes
configure:5808: checking for ld option to reload object files
configure:5815: result: -r
configure:5844: checking for x86_64-unknown-linux-gnu-objdump
configure:5871: result: objdump
configure:5943: checking how to recognize dependent libraries
configure:6149: result: pass_all
configure:6182: checking for x86_64-unknown-linux-gnu-ar
configure:6209: result: ar --plugin /usr/lib/gcc/x86_64-linux-gnu/9/liblto_plugin.so
configure:6300: checking for x86_64-unknown-linux-gnu-strip
configure:6330: result: no
configure:6340: checking for strip
configure:6356: found /usr/bin/strip
configure:6367: result: strip
configure:6399: checking for x86_64-unknown-linux-gnu-ranlib
configure:6426: result: ranlib --plugin /usr/lib/gcc/x86_64-linux-gnu/9/liblto_plugin.so
configure:6573: checking command to parse /usr/bin/nm -B output from gcc object
configure:6691: gcc -c -g -O2      conftest.c >&5
configure:6694: $? = 0
configure:6698: /usr/bin/nm -B conftest.o \| sed -n -e 's/^.*[ ]\([ABCDGIRSTW][ABCDGIRSTW]*\)[ ][ ]*\([_A-Za-z][_A-Za-z0-9]*\)$/\1 \2 \2/p' \> conftest.nm
configure:6701: $? = 0
configure:6755: gcc -o conftest -g -O2        conftest.c conftstm.o >&5
configure:6758: $? = 0
configure:6796: result: ok
configure:6891: gcc -c -g -O2      conftest.c >&5
configure:6894: $? = 0
configure:7646: checking for dlfcn.h
configure:7646: gcc -c -g -O2      conftest.c >&5
configure:7646: $? = 0
configure:7646: result: yes
configure:7802: checking for objdir
configure:7817: result: .libs
configure:8088: checking if gcc supports -fno-rtti -fno-exceptions
configure:8106: gcc -c -g -O2      -fno-rtti -fno-exceptions conftest.c >&5
cc1: warning: command line option '-fno-rtti' is valid for C++/D/ObjC++ but not for C
configure:8110: $? = 0
configure:8123: result: no
configure:8143: checking for gcc option to produce PIC
configure:8429: result: -fPIC -DPIC
configure:8441: checking if gcc PIC flag -fPIC -DPIC works
configure:8459: gcc -c -g -O2      -fPIC -DPIC -DPIC conftest.c >&5
configure:8463: $? = 0
configure:8476: result: yes
configure:8500: checking if gcc static flag -static works
configure:8528: result: yes
configure:8543: checking if gcc supports -c -o file.o
configure:8564: gcc -c -g -O2      -o out/conftest2.o conftest.c >&5
configure:8568: $? = 0
configure:8590: result: yes
configure:8598: checking if gcc supports -c -o file.o
configure:8645: result: yes
configure:8678: checking whether the gcc linker (ld -m elf_x86_64) supports shared libraries
configure:9749: result: yes
configure:9994: checking dynamic linker characteristics
configure:10440: gcc -o conftest -g -O2        -Wl,-rpath -Wl,/foo conftest.c  >&5
configure:10440: $? = 0
configure:10681: result: GNU/Linux ld.so
configure:10788: checking how to hardcode library paths into programs
configure:10813: result: immediate
configure:10907: checking for shl_load
configure:10907: gcc -o conftest -g -O2        conftest.c  >&5
/usr/bin/ld: /tmp/ccTT78RU.o: in function `main':
/workspaces/http-ftp/devkitpro/.devkitARM/arm-none-eabi/binutils/bfd/conftest.c:62: undefined reference to `shl_load'
collect2: error: ld returned 1 exit status
configure:10907: $? = 1
configure: failed program was:
| /* confdefs.h */
| #define PACKAGE_NAME "bfd"
| #define PACKAGE_TARNAME "bfd"
| #define PACKAGE_VERSION "2.42"
| #define PACKAGE_STRING "bfd 2.42"
| #define PACKAGE_BUGREPORT ""
| #define PACKAGE_URL ""
| #define PACKAGE "bfd"
| #define VERSION "2.42"
| #define STDC_HEADERS 1
| #define HAVE_SYS_TYPES_H 1
| #define HAVE_SYS_STAT_H 1
| #define HAVE_STDLIB_H 1
| #define HAVE_STRING_H 1
| #define HAVE_MEMORY_H 1
| #define HAVE_STRINGS_H 1
| #define HAVE_INTTYPES_H 1
| #define HAVE_STDINT_H 1
| #define HAVE_UNISTD_H 1
| #define __EXTENSIONS__ 1
| #define _ALL_SOURCE 1
| #define _GNU_SOURCE 1
| #define _POSIX_PTHREAD_SEMANTICS 1
| #define _TANDEM_SOURCE 1
| #define HAVE_DLFCN_H 1
| #define LT_OBJDIR ".libs/"
| /* end confdefs.h.  */
| /* Define shl_load to an innocuous variant, in case <limits.h> declares shl_load.
|    For example, HP-UX 11i <limits.h> declares gettimeofday.  */
| #define shl_load innocuous_shl_load
| 
| /* System header to define __stub macros and hopefully few prototypes,
|     which can conflict with char shl_load (); below.
|     Prefer <limits.h> to <assert.h> if __STDC__ is defined, since
|     <limits.h> exists even on freestanding compilers.  */
| 
| #ifdef __STDC__
| # include <limits.h>
| #else
| # include <assert.h>
| #endif
| 
| #undef shl_load
| 
| /* Override any GCC internal prototype to avoid an error.
|    Use char because int might match the return type of a GCC
|    builtin and then its argument prototype would still apply.  */
| #ifdef __cplusplus
| extern "C"
| #endif
| char shl_load ();
| /* The GNU C library defines this for functions which it implements
|     to always fail with ENOSYS.  Some functions are actually named
|     something starting with __ and the normal name is an alias.  */
| #if defined __stub_shl_load || defined __stub___shl_load
| choke me
| #endif
| 
| int
| main ()
| {
| return shl_load ();
|   ;
|   return 0;
| }
configure:10907: result: no
configure:10911: checking for shl_load in -ldld
configure:10936: gcc -o conftest -g -O2        conftest.c -ldld   >&5
/usr/bin/ld: cannot find -ldld
collect2: error: ld returned 1 exit status
configure:10936: $? = 1
configure: failed program was:
| /* confdefs.h */
| #define PACKAGE_NAME "bfd"
| #define PACKAGE_TARNAME "bfd"
| #define PACKAGE_VERSION "2.42"
| #define PACKAGE_STRING "bfd 2.42"
| #define PACKAGE_BUGREPORT ""
| #define PACKAGE_URL ""
| #define PACKAGE "bfd"
| #define VERSION "2.42"
| #define STDC_HEADERS 1
| #define HAVE_SYS_TYPES_H 1
| #define HAVE_SYS_STAT_H 1
| #define HAVE_STDLIB_H 1
| #define HAVE_STRING_H 1
| #define HAVE_MEMORY_H 1
| #define HAVE_STRINGS_H 1
| #define HAVE_INTTYPES_H 1
| #define HAVE_STDINT_H 1
| #define HAVE_UNISTD_H 1
| #define __EXTENSIONS__ 1
| #define _ALL_SOURCE 1
| #define _GNU_SOURCE 1
| #define _POSIX_PTHREAD_SEMANTICS 1
| #define _TANDEM_SOURCE 1
| #define HAVE_DLFCN_H 1
| #define LT_OBJDIR ".libs/"
| /* end confdefs.h.  */
| 
| /* Override any GCC internal prototype to avoid an error.
|    Use char because int might match the return type of a GCC
|    builtin and then its argument prototype would still apply.  */
| #ifdef __cplusplus
| extern "C"
| #endif
| char shl_load ();
| int
| main ()
| {
| return shl_load ();
|   ;
|   return 0;
| }
configure:10945: result: no
configure:10950: checking for dlopen
configure:10950: gcc -o conftest -g -O2        conftest.c  >&5
/usr/bin/ld: /tmp/ccHzY5c3.o: in function `main':
/workspaces/http-ftp/devkitpro/.devkitARM/arm-none-eabi/binutils/bfd/conftest.c:62: undefined reference to `dlopen'
collect2: error: ld returned 1 exit status
configure:10950: $? = 1
configure: failed program was:
| /* confdefs.h */
| #define PACKAGE_NAME "bfd"
| #define PACKAGE_TARNAME "bfd"
| #define PACKAGE_VERSION "2.42"
| #define PACKAGE_STRING "bfd 2.42"
| #define PACKAGE_BUGREPORT ""
| #define PACKAGE_URL ""
| #define PACKAGE "bfd"
| #define VERSION "2.42"
| #define STDC_HEADERS 1
| #define HAVE_SYS_TYPES_H 1
| #define HAVE_SYS_STAT_H 1
| #define HAVE_STDLIB_H 1
| #define HAVE_STRING_H 1
| #define HAVE_MEMORY_H 1
| #define HAVE_STRINGS_H 1
| #define HAVE_INTTYPES_H 1
| #define HAVE_STDINT_H 1
| #define HAVE_UNISTD_H 1
| #define __EXTENSIONS__ 1
| #define _ALL_SOURCE 1
| #define _GNU_SOURCE 1
| #define _POSIX_PTHREAD_SEMANTICS 1
| #define _TANDEM_SOURCE 1
| #define HAVE_DLFCN_H 1
| #define LT_OBJDIR ".libs/"
| /* end confdefs.h.  */
| /* Define dlopen to an innocuous variant, in case <limits.h> declares dlopen.
|    For example, HP-UX 11i <limits.h> declares gettimeofday.  */
| #define dlopen innocuous_dlopen
| 
| /* System header to define __stub macros and hopefully few prototypes,
|     which can conflict with char dlopen (); below.
|     Prefer <limits.h> to <assert.h> if __STDC__ is defined, since
|     <limits.h> exists even on freestanding compilers.  */
| 
| #ifdef __STDC__
| # include <limits.h>
| #else
| # include <assert.h>
| #endif
| 
| #undef dlopen
| 
| /* Override any GCC internal prototype to avoid an error.
|    Use char because int might match the return type of a GCC
|    builtin and then its argument prototype would still apply.  */
| #ifdef __cplusplus
| extern "C"
| #endif
| char dlopen ();
| /* The GNU C library defines this for functions which it implements
|     to always fail with ENOSYS.  Some functions are actually named
|     something starting with __ and the normal name is an alias.  */
| #if defined __stub_dlopen || defined __stub___dlopen
| choke me
| #endif
| 
| int
| main ()
| {
| return dlopen ();
|   ;
|   return 0;
| }
configure:10950: result: no
configure:10954: checking for dlopen in -ldl
configure:10979: gcc -o conftest -g -O2        conftest.c -ldl   >&5
configure:10979: $? = 0
configure:10988: result: yes
configure:11107: checking whether a program can dlopen itself
configure:11187: gcc -o conftest -g -O2      -DHAVE_DLFCN_H   -Wl,--export-dynamic conftest.c -ldl  >&5
configure:11190: $? = 0
configure:11208: result: yes
configure:11213: checking whether a statically linked program can dlopen itself
configure:11293: gcc -o conftest -g -O2      -DHAVE_DLFCN_H   -Wl,--export-dynamic -static conftest.c -ldl  >&5
/usr/bin/ld: /tmp/ccswgCjX.o: in function `main':
/workspaces/http-ftp/devkitpro/.devkitARM/arm-none-eabi/binutils/bfd/configure:11315: warning: Using 'dlopen' in statically linked applications requires at runtime the shared libraries from the glibc version used for linking
configure:11296: $? = 0
conftest: undefined symbol: _fnord
configure:11314: result: no
configure:11353: checking whether stripping libraries is possible
configure:11358: result: yes
configure:11393: checking if libtool supports shared libraries
configure:11395: result: yes
configure:11398: checking whether to build shared libraries
configure:11419: result: no
configure:11422: checking whether to build static libraries
configure:11426: result: yes
configure:8609: checking for dlfcn.h
configure:8609: result: yes
configure:8622: checking for windows.h
configure:8622: gcc -c -g -O2      conftest.c >&5
conftest.c:63:10: fatal error: windows.h: No such file or directory
   63 | #include <windows.h>
      |          ^~~~~~~~~~~
compilation terminated.
configure:8622: $? = 1
configure: failed program was:
| /* confdefs.h */
| #define PACKAGE_NAME "bfd"
| #define PACKAGE_TARNAME "bfd"
| #define PACKAGE_VERSION "2.42"
| #define PACKAGE_STRING "bfd 2.42"
| #define PACKAGE_BUGREPORT ""
| #define PACKAGE_URL ""
| #define PACKAGE "bfd"
| #define VERSION "2.42"
| #define STDC_HEADERS 1
| #define HAVE_SYS_TYPES_H 1
| #define HAVE_SYS_STAT_H 1
| #define HAVE_STDLIB_H 1
| #define HAVE_STRING_H 1
| #define HAVE_MEMORY_H 1
| #define HAVE_STRINGS_H 1
| #define HAVE_INTTYPES_H 1
| #define HAVE_STDINT_H 1
| #define HAVE_UNISTD_H 1
| #define __EXTENSIONS__ 1
| #define _ALL_SOURCE 1
| #define _GNU_SOURCE 1
| #define _POSIX_PTHREAD_SEMANTICS 1
| #define _TANDEM_SOURCE 1
| #define HAVE_DLFCN_H 1
| #define LT_OBJDIR ".libs/"
| #define HAVE_DLFCN_H 1
| /* end confdefs.h.  */
| #include <stdio.h>
| #ifdef HAVE_SYS_TYPES_H
| # include <sys/types.h>
| #endif
| #ifdef HAVE_SYS_STAT_H
| # include <sys/stat.h>
| #endif
| #ifdef STDC_HEADERS
| # include <stdlib.h>
| # include <stddef.h>
| #else
| # ifdef HAVE_STDLIB_H
| #  include <stdlib.h>
| # endif
| #endif
| #ifdef HAVE_STRING_H
| # if !defined STDC_HEADERS && defined HAVE_MEMORY_H
| #  include <memory.h>
| # endif
| # include <string.h>
| #endif
| #ifdef HAVE_STRINGS_H
| # include <strings.h>
| #endif
| #ifdef HAVE_INTTYPES_H
| # include <inttypes.h>
| #endif
| #ifdef HAVE_STDINT_H
| # include <stdint.h>
| #endif
| #ifdef HAVE_UNISTD_H
| # include <unistd.h>
| #endif
| 
| #include <windows.h>
configure:8622: result: no
configure:8649: checking for library containing dlsym
configure:8680: gcc -o conftest -g -O2        conftest.c  >&5
/usr/bin/ld: /tmp/ccHfPgOL.o: in function `main':
/workspaces/http-ftp/devkitpro/.devkitARM/arm-none-eabi/binutils/bfd/conftest.c:40: undefined reference to `dlsym'
collect2: error: ld returned 1 exit status
configure:8680: $? = 1
configure: failed program was:
| /* confdefs.h */
| #define PACKAGE_NAME "bfd"
| #define PACKAGE_TARNAME "bfd"
| #define PACKAGE_VERSION "2.42"
| #define PACKAGE_STRING "bfd 2.42"
| #define PACKAGE_BUGREPORT ""
| #define PACKAGE_URL ""
| #define PACKAGE "bfd"
| #define VERSION "2.42"
| #define STDC_HEADERS 1
| #define HAVE_SYS_TYPES_H 1
| #define HAVE_SYS_STAT_H 1
| #define HAVE_STDLIB_H 1
| #define HAVE_STRING_H 1
| #define HAVE_MEMORY_H 1
| #define HAVE_STRINGS_H 1
| #define HAVE_INTTYPES_H 1
| #define HAVE_STDINT_H 1
| #define HAVE_UNISTD_H 1
| #define __EXTENSIONS__ 1
| #define _ALL_SOURCE 1
| #define _GNU_SOURCE 1
| #define _POSIX_PTHREAD_SEMANTICS 1
| #define _TANDEM_SOURCE 1
| #define HAVE_DLFCN_H 1
| #define LT_OBJDIR ".libs/"
| #define HAVE_DLFCN_H 1
| /* end confdefs.h.  */
| 
| /* Override any GCC internal prototype to avoid an error.
|    Use char because int might match the return type of a GCC
|    builtin and then its argument prototype would still apply.  */
| #ifdef __cplusplus
| extern "C"
| #endif
| char dlsym ();
| int
| main ()
| {
| return dlsym ();
|   ;
|   return 0;
| }
configure:8680: gcc -o conftest -g -O2        conftest.c -ldl   >&5
configure:8680: $? = 0
configure:8697: result: -ldl
configure:8769: checking for special C compiler options needed for large files
configure:8814: result: no
configure:8820: checking for _FILE_OFFSET_BITS value needed for large files
configure:8845: gcc -c -g -O2      conftest.c >&5
configure:8845: $? = 0
configure:8877: result: no
configure:9032: checking size of void *
configure:9037: gcc -o conftest -g -O2        conftest.c -ldl  >&5
configure:9037: $? = 0
configure:9037: ./conftest
configure:9037: $? = 0
configure:9051: result: 8
configure:9406: checking whether to enable maintainer-specific portions of Makefiles
configure:9415: result: no
configure:9451: checking whether to install libbfd
configure:9464: result: no
configure:9494: checking whether byte ordering is bigendian
configure:9509: gcc -c -g -O2      conftest.c >&5
conftest.c:33:9: error: unknown type name 'not'
   33 |         not a universal capable compiler
      |         ^~~
conftest.c:33:15: error: expected '=', ',', ';', 'asm' or '__attribute__' before 'universal'
   33 |         not a universal capable compiler
      |               ^~~~~~~~~
conftest.c:33:15: error: unknown type name 'universal'
configure:9509: $? = 1
configure: failed program was:
| /* confdefs.h */
| #define PACKAGE_NAME "bfd"
| #define PACKAGE_TARNAME "bfd"
| #define PACKAGE_VERSION "2.42"
| #define PACKAGE_STRING "bfd 2.42"
| #define PACKAGE_BUGREPORT ""
| #define PACKAGE_URL ""
| #define PACKAGE "bfd"
| #define VERSION "2.42"
| #define STDC_HEADERS 1
| #define HAVE_SYS_TYPES_H 1
| #define HAVE_SYS_STAT_H 1
| #define HAVE_STDLIB_H 1
| #define HAVE_STRING_H 1
| #define HAVE_MEMORY_H 1
| #define HAVE_STRINGS_H 1
| #define HAVE_INTTYPES_H 1
| #define HAVE_STDINT_H 1
| #define HAVE_UNISTD_H 1
| #define __EXTENSIONS__ 1
| #define _ALL_SOURCE 1
| #define _GNU_SOURCE 1
| #define _POSIX_PTHREAD_SEMANTICS 1
| #define _TANDEM_SOURCE 1
| #define HAVE_DLFCN_H 1
| #define LT_OBJDIR ".libs/"
| #define HAVE_DLFCN_H 1
| #define SIZEOF_VOID_P 8
| #define USE_SECUREPLT 1
| #define DEFAULT_LD_Z_SEPARATE_CODE 0
| /* end confdefs.h.  */
| #ifndef __APPLE_CC__
| 	       not a universal capable compiler
| 	     #endif
| 	     typedef int dummy;
| 
configure:9554: gcc -c -g -O2      conftest.c >&5
configure:9554: $? = 0
configure:9572: gcc -c -g -O2      conftest.c >&5
conftest.c: In function 'main':
conftest.c:39:4: error: unknown type name 'not'; did you mean 'ino_t'?
   39 |    not big endian
      |    ^~~
      |    ino_t
conftest.c:39:12: error: expected '=', ',', ';', 'asm' or '__attribute__' before 'endian'
   39 |    not big endian
      |            ^~~~~~
configure:9572: $? = 1
configure: failed program was:
| /* confdefs.h */
| #define PACKAGE_NAME "bfd"
| #define PACKAGE_TARNAME "bfd"
| #define PACKAGE_VERSION "2.42"
| #define PACKAGE_STRING "bfd 2.42"
| #define PACKAGE_BUGREPORT ""
| #define PACKAGE_URL ""
| #define PACKAGE "bfd"
| #define VERSION "2.42"
| #define STDC_HEADERS 1
| #define HAVE_SYS_TYPES_H 1
| #define HAVE_SYS_STAT_H 1
| #define HAVE_STDLIB_H 1
| #define HAVE_STRING_H 1
| #define HAVE_MEMORY_H 1
| #define HAVE_STRINGS_H 1
| #define HAVE_INTTYPES_H 1
| #define HAVE_STDINT_H 1
| #define HAVE_UNISTD_H 1
| #define __EXTENSIONS__ 1
| #define _ALL_SOURCE 1
| #define _GNU_SOURCE 1
| #define _POSIX_PTHREAD_SEMANTICS 1
| #define _TANDEM_SOURCE 1
| #define HAVE_DLFCN_H 1
| #define LT_OBJDIR ".libs/"
| #define HAVE_DLFCN_H 1
| #define SIZEOF_VOID_P 8
| #define USE_SECUREPLT 1
| #define DEFAULT_LD_Z_SEPARATE_CODE 0
| /* end confdefs.h.  */
| #include <sys/types.h>
| 		#include <sys/param.h>
| 
| int
| main ()
| {
| #if BYTE_ORDER != BIG_ENDIAN
| 		 not big endian
| 		#endif
| 
|   ;
|   return 0;
| }
configure:9700: result: no
configure:9740: checking whether NLS is requested
configure:9749: result: no
configure:9787: checking for msgfmt
configure:9818: result: /usr/bin/msgfmt
configure:9827: checking for gmsgfmt
configure:9858: result: /usr/bin/msgfmt
configure:9898: checking for xgettext
configure:9929: result: /usr/bin/xgettext
configure:9969: checking for msgmerge
configure:9999: result: /usr/bin/msgmerge
configure:10074: checking for ld used by GCC
configure:10137: result: ld -m elf_x86_64
configure:10144: checking if the linker (ld -m elf_x86_64) is GNU ld
GNU ld (GNU Binutils for Ubuntu) 2.34
configure:10156: result: yes
configure:10162: checking for shared library run path origin
configure:10175: result: done
configure:10622: checking for CFPreferencesCopyAppValue
configure:10640: gcc -o conftest -g -O2        conftest.c -ldl  -Wl,-framework -Wl,CoreFoundation >&5
conftest.c:32:10: fatal error: CoreFoundation/CFPreferences.h: No such file or directory
   32 | #include <CoreFoundation/CFPreferences.h>
      |          ^~~~~~~~~~~~~~~~~~~~~~~~~~~~~~~~
compilation terminated.
configure:10640: $? = 1
configure: failed program was:
| /* confdefs.h */
| #define PACKAGE_NAME "bfd"
| #define PACKAGE_TARNAME "bfd"
| #define PACKAGE_VERSION "2.42"
| #define PACKAGE_STRING "bfd 2.42"
| #define PACKAGE_BUGREPORT ""
| #define PACKAGE_URL ""
| #define PACKAGE "bfd"
| #define VERSION "2.42"
| #define STDC_HEADERS 1
| #define HAVE_SYS_TYPES_H 1
| #define HAVE_SYS_STAT_H 1
| #define HAVE_STDLIB_H 1
| #define HAVE_STRING_H 1
| #define HAVE_MEMORY_H 1
| #define HAVE_STRINGS_H 1
| #define HAVE_INTTYPES_H 1
| #define HAVE_STDINT_H 1
| #define HAVE_UNISTD_H 1
| #define __EXTENSIONS__ 1
| #define _ALL_SOURCE 1
| #define _GNU_SOURCE 1
| #define _POSIX_PTHREAD_SEMANTICS 1
| #define _TANDEM_SOURCE 1
| #define HAVE_DLFCN_H 1
| #define LT_OBJDIR ".libs/"
| #define HAVE_DLFCN_H 1
| #define SIZEOF_VOID_P 8
| #define USE_SECUREPLT 1
| #define DEFAULT_LD_Z_SEPARATE_CODE 0
| /* end confdefs.h.  */
| #include <CoreFoundation/CFPreferences.h>
| int
| main ()
| {
| CFPreferencesCopyAppValue(NULL, NULL)
|   ;
|   return 0;
| }
configure:10649: result: no
configure:10656: checking for CFLocaleCopyPreferredLanguages
configure:10674: gcc -o conftest -g -O2        conftest.c -ldl  -Wl,-framework -Wl,CoreFoundation >&5
conftest.c:32:10: fatal error: CoreFoundation/CFLocale.h: No such file or directory
   32 | #include <CoreFoundation/CFLocale.h>
      |          ^~~~~~~~~~~~~~~~~~~~~~~~~~~
compilation terminated.
configure:10674: $? = 1
configure: failed program was:
| /* confdefs.h */
| #define PACKAGE_NAME "bfd"
| #define PACKAGE_TARNAME "bfd"
| #define PACKAGE_VERSION "2.42"
| #define PACKAGE_STRING "bfd 2.42"
| #define PACKAGE_BUGREPORT ""
| #define PACKAGE_URL ""
| #define PACKAGE "bfd"
| #define VERSION "2.42"
| #define STDC_HEADERS 1
| #define HAVE_SYS_TYPES_H 1
| #define HAVE_SYS_STAT_H 1
| #define HAVE_STDLIB_H 1
| #define HAVE_STRING_H 1
| #define HAVE_MEMORY_H 1
| #define HAVE_STRINGS_H 1
| #define HAVE_INTTYPES_H 1
| #define HAVE_STDINT_H 1
| #define HAVE_UNISTD_H 1
| #define __EXTENSIONS__ 1
| #define _ALL_SOURCE 1
| #define _GNU_SOURCE 1
| #define _POSIX_PTHREAD_SEMANTICS 1
| #define _TANDEM_SOURCE 1
| #define HAVE_DLFCN_H 1
| #define LT_OBJDIR ".libs/"
| #define HAVE_DLFCN_H 1
| #define SIZEOF_VOID_P 8
| #define USE_SECUREPLT 1
| #define DEFAULT_LD_Z_SEPARATE_CODE 0
| /* end confdefs.h.  */
| #include <CoreFoundation/CFLocale.h>
| int
| main ()
| {
| CFLocaleCopyPreferredLanguages();
|   ;
|   return 0;
| }
configure:10683: result: no
configure:11563: checking whether to use NLS
configure:11565: result: no
configure:11648: checking whether NLS is requested
configure:11651: result: no
configure:11739: checking for msgfmt
configure:11770: result: /usr/bin/msgfmt
configure:11779: checking for gmsgfmt
configure:11810: result: /usr/bin/msgfmt
configure:11850: checking for xgettext
configure:11881: result: /usr/bin/xgettext
configure:11921: checking for msgmerge
configure:11951: result: /usr/bin/msgmerge
configure:11997: checking size of long long
configure:12002: gcc -o conftest -g -O2        conftest.c -ldl  >&5
configure:12002: $? = 0
configure:12002: ./conftest
configure:12002: $? = 0
configure:12016: result: 8
configure:12030: checking size of void *
configure:12049: result: 8
configure:12063: checking size of long
configure:12068: gcc -o conftest -g -O2        conftest.c -ldl  >&5
configure:12068: $? = 0
configure:12068: ./conftest
configure:12068: $? = 0
configure:12082: result: 8
configure:12096: checking size of int
configure:12101: gcc -o conftest -g -O2        conftest.c -ldl  >&5
configure:12101: $? = 0
configure:12101: ./conftest
configure:12101: $? = 0
configure:12115: result: 4
configure:12172: checking fcntl.h usability
configure:12172: gcc -c -g -O2      conftest.c >&5
configure:12172: $? = 0
configure:12172: result: yes
configure:12172: checking fcntl.h presence
configure:12172: gcc -E  conftest.c
configure:12172: $? = 0
configure:12172: result: yes
configure:12172: checking for fcntl.h
configure:12172: result: yes
configure:12172: checking sys/file.h usability
configure:12172: gcc -c -g -O2      conftest.c >&5
configure:12172: $? = 0
configure:12172: result: yes
configure:12172: checking sys/file.h presence
configure:12172: gcc -E  conftest.c
configure:12172: $? = 0
configure:12172: result: yes
configure:12172: checking for sys/file.h
configure:12172: result: yes
configure:12172: checking sys/resource.h usability
configure:12172: gcc -c -g -O2      conftest.c >&5
configure:12172: $? = 0
configure:12172: result: yes
configure:12172: checking sys/resource.h presence
configure:12172: gcc -E  conftest.c
configure:12172: $? = 0
configure:12172: result: yes
configure:12172: checking for sys/resource.h
configure:12172: result: yes
configure:12172: checking for sys/stat.h
configure:12172: result: yes
configure:12172: checking for sys/types.h
configure:12172: result: yes
configure:12172: checking for unistd.h
configure:12172: result: yes
configure:12187: checking for fcntl
configure:12187: gcc -o conftest -g -O2        conftest.c -ldl  >&5
configure:12187: $? = 0
configure:12187: result: yes
configure:12187: checking for fdopen
configure:12187: gcc -o conftest -g -O2        conftest.c -ldl  >&5
configure:12187: $? = 0
configure:12187: result: yes
configure:12187: checking for fileno
configure:12187: gcc -o conftest -g -O2        conftest.c -ldl  >&5
configure:12187: $? = 0
configure:12187: result: yes
configure:12187: checking for fls
configure:12187: gcc -o conftest -g -O2        conftest.c -ldl  >&5
/usr/bin/ld: /tmp/ccsutaSC.o: in function `main':
/workspaces/http-ftp/devkitpro/.devkitARM/arm-none-eabi/binutils/bfd/conftest.c:79: undefined reference to `fls'
collect2: error: ld returned 1 exit status
configure:12187: $? = 1
configure: failed program was:
| /* confdefs.h */
| #define PACKAGE_NAME "bfd"
| #define PACKAGE_TARNAME "bfd"
| #define PACKAGE_VERSION "2.42"
| #define PACKAGE_STRING "bfd 2.42"
| #define PACKAGE_BUGREPORT ""
| #define PACKAGE_URL ""
| #define PACKAGE "bfd"
| #define VERSION "2.42"
| #define STDC_HEADERS 1
| #define HAVE_SYS_TYPES_H 1
| #define HAVE_SYS_STAT_H 1
| #define HAVE_STDLIB_H 1
| #define HAVE_STRING_H 1
| #define HAVE_MEMORY_H 1
| #define HAVE_STRINGS_H 1
| #define HAVE_INTTYPES_H 1
| #define HAVE_STDINT_H 1
| #define HAVE_UNISTD_H 1
| #define __EXTENSIONS__ 1
| #define _ALL_SOURCE 1
| #define _GNU_SOURCE 1
| #define _POSIX_PTHREAD_SEMANTICS 1
| #define _TANDEM_SOURCE 1
| #define HAVE_DLFCN_H 1
| #define LT_OBJDIR ".libs/"
| #define HAVE_DLFCN_H 1
| #define SIZEOF_VOID_P 8
| #define USE_SECUREPLT 1
| #define DEFAULT_LD_Z_SEPARATE_CODE 0
| #define SIZEOF_LONG_LONG 8
| #define SIZEOF_VOID_P 8
| #define SIZEOF_LONG 8
| #define SIZEOF_INT 4
| #define HAVE_FCNTL_H 1
| #define HAVE_SYS_FILE_H 1
| #define HAVE_SYS_RESOURCE_H 1
| #define HAVE_SYS_STAT_H 1
| #define HAVE_SYS_TYPES_H 1
| #define HAVE_UNISTD_H 1
| #define HAVE_FCNTL 1
| #define HAVE_FDOPEN 1
| #define HAVE_FILENO 1
| /* end confdefs.h.  */
| /* Define fls to an innocuous variant, in case <limits.h> declares fls.
|    For example, HP-UX 11i <limits.h> declares gettimeofday.  */
| #define fls innocuous_fls
| 
| /* System header to define __stub macros and hopefully few prototypes,
|     which can conflict with char fls (); below.
|     Prefer <limits.h> to <assert.h> if __STDC__ is defined, since
|     <limits.h> exists even on freestanding compilers.  */
| 
| #ifdef __STDC__
| # include <limits.h>
| #else
| # include <assert.h>
| #endif
| 
| #undef fls
| 
| /* Override any GCC internal prototype to avoid an error.
|    Use char because int might match the return type of a GCC
|    builtin and then its argument prototype would still apply.  */
| #ifdef __cplusplus
| extern "C"
| #endif
| char fls ();
| /* The GNU C library defines this for functions which it implements
|     to always fail with ENOSYS.  Some functions are actually named
|     something starting with __ and the normal name is an alias.  */
| #if defined __stub_fls || defined __stub___fls
| choke me
| #endif
| 
| int
| main ()
| {
| return fls ();
|   ;
|   return 0;
| }
configure:12187: result: no
configure:12187: checking for getgid
configure:12187: gcc -o conftest -g -O2        conftest.c -ldl  >&5
configure:12187: $? = 0
configure:12187: result: yes
configure:12187: checking for getpagesize
configure:12187: gcc -o conftest -g -O2        conftest.c -ldl  >&5
configure:12187: $? = 0
configure:12187: result: yes
configure:12187: checking for getrlimit
configure:12187: gcc -o conftest -g -O2        conftest.c -ldl  >&5
configure:12187: $? = 0
configure:12187: result: yes
configure:12187: checking for getuid
configure:12187: gcc -o conftest -g -O2        conftest.c -ldl  >&5
configure:12187: $? = 0
configure:12187: result: yes
configure:12187: checking for sysconf
configure:12187: gcc -o conftest -g -O2        conftest.c -ldl  >&5
configure:12187: $? = 0
configure:12187: result: yes
configure:12197: checking whether basename is declared
configure:12197: gcc -c -g -O2      conftest.c >&5
configure:12197: $? = 0
configure:12197: result: yes
configure:12207: checking whether ffs is declared
configure:12207: gcc -c -g -O2      conftest.c >&5
configure:12207: $? = 0
configure:12207: result: yes
configure:12217: checking whether stpcpy is declared
configure:12217: gcc -c -g -O2      conftest.c >&5
configure:12217: $? = 0
configure:12217: result: yes
configure:12227: checking whether asprintf is declared
configure:12227: gcc -c -g -O2      conftest.c >&5
configure:12227: $? = 0
configure:12227: result: yes
configure:12237: checking whether vasprintf is declared
configure:12237: gcc -c -g -O2      conftest.c >&5
configure:12237: $? = 0
configure:12237: result: yes
configure:12247: checking whether strnlen is declared
configure:12247: gcc -c -g -O2      conftest.c >&5
configure:12247: $? = 0
configure:12247: result: yes
configure:12258: checking whether ___lc_codepage_func is declared
configure:12258: gcc -c -g -O2      conftest.c >&5
conftest.c: In function 'main':
conftest.c:65:10: error: '___lc_codepage_func' undeclared (first use in this function)
   65 |   (void) ___lc_codepage_func;
      |          ^~~~~~~~~~~~~~~~~~~
conftest.c:65:10: note: each undeclared identifier is reported only once for each function it appears in
configure:12258: $? = 1
configure: failed program was:
| /* confdefs.h */
| #define PACKAGE_NAME "bfd"
| #define PACKAGE_TARNAME "bfd"
| #define PACKAGE_VERSION "2.42"
| #define PACKAGE_STRING "bfd 2.42"
| #define PACKAGE_BUGREPORT ""
| #define PACKAGE_URL ""
| #define PACKAGE "bfd"
| #define VERSION "2.42"
| #define STDC_HEADERS 1
| #define HAVE_SYS_TYPES_H 1
| #define HAVE_SYS_STAT_H 1
| #define HAVE_STDLIB_H 1
| #define HAVE_STRING_H 1
| #define HAVE_MEMORY_H 1
| #define HAVE_STRINGS_H 1
| #define HAVE_INTTYPES_H 1
| #define HAVE_STDINT_H 1
| #define HAVE_UNISTD_H 1
| #define __EXTENSIONS__ 1
| #define _ALL_SOURCE 1
| #define _GNU_SOURCE 1
| #define _POSIX_PTHREAD_SEMANTICS 1
| #define _TANDEM_SOURCE 1
| #define HAVE_DLFCN_H 1
| #define LT_OBJDIR ".libs/"
| #define HAVE_DLFCN_H 1
| #define SIZEOF_VOID_P 8
| #define USE_SECUREPLT 1
| #define DEFAULT_LD_Z_SEPARATE_CODE 0
| #define SIZEOF_LONG_LONG 8
| #define SIZEOF_VOID_P 8
| #define SIZEOF_LONG 8
| #define SIZEOF_INT 4
| #define HAVE_FCNTL_H 1
| #define HAVE_SYS_FILE_H 1
| #define HAVE_SYS_RESOURCE_H 1
| #define HAVE_SYS_STAT_H 1
| #define HAVE_SYS_TYPES_H 1
| #define HAVE_UNISTD_H 1
| #define HAVE_FCNTL 1
| #define HAVE_FDOPEN 1
| #define HAVE_FILENO 1
| #define HAVE_GETGID 1
| #define HAVE_GETPAGESIZE 1
| #define HAVE_GETRLIMIT 1
| #define HAVE_GETUID 1
| #define HAVE_SYSCONF 1
| #define HAVE_DECL_BASENAME 1
| #define HAVE_DECL_FFS 1
| #define HAVE_DECL_STPCPY 1
| #define HAVE_DECL_ASPRINTF 1
| #define HAVE_DECL_VASPRINTF 1
| #define HAVE_DECL_STRNLEN 1
| /* end confdefs.h.  */
| #include <locale.h>
| 
| int
| main ()
| {
| #ifndef ___lc_codepage_func
| #ifdef __cplusplus
|   (void) ___lc_codepage_func;
| #else
|   (void) ___lc_codepage_func;
| #endif
| #endif
| 
|   ;
|   return 0;
| }
configure:12258: result: no
configure:12280: checking for thread local storage (TLS) class
configure:12302: gcc -c -g -O2      conftest.c >&5
conftest.c: In function 'main':
conftest.c:61:21: error: expected ';' before 'int'
   61 | static  thread_local  int bar;
      |                     ^ ~~~
      |                     ;
configure:12302: $? = 1
configure: failed program was:
| /* confdefs.h */
| #define PACKAGE_NAME "bfd"
| #define PACKAGE_TARNAME "bfd"
| #define PACKAGE_VERSION "2.42"
| #define PACKAGE_STRING "bfd 2.42"
| #define PACKAGE_BUGREPORT ""
| #define PACKAGE_URL ""
| #define PACKAGE "bfd"
| #define VERSION "2.42"
| #define STDC_HEADERS 1
| #define HAVE_SYS_TYPES_H 1
| #define HAVE_SYS_STAT_H 1
| #define HAVE_STDLIB_H 1
| #define HAVE_STRING_H 1
| #define HAVE_MEMORY_H 1
| #define HAVE_STRINGS_H 1
| #define HAVE_INTTYPES_H 1
| #define HAVE_STDINT_H 1
| #define HAVE_UNISTD_H 1
| #define __EXTENSIONS__ 1
| #define _ALL_SOURCE 1
| #define _GNU_SOURCE 1
| #define _POSIX_PTHREAD_SEMANTICS 1
| #define _TANDEM_SOURCE 1
| #define HAVE_DLFCN_H 1
| #define LT_OBJDIR ".libs/"
| #define HAVE_DLFCN_H 1
| #define SIZEOF_VOID_P 8
| #define USE_SECUREPLT 1
| #define DEFAULT_LD_Z_SEPARATE_CODE 0
| #define SIZEOF_LONG_LONG 8
| #define SIZEOF_VOID_P 8
| #define SIZEOF_LONG 8
| #define SIZEOF_INT 4
| #define HAVE_FCNTL_H 1
| #define HAVE_SYS_FILE_H 1
| #define HAVE_SYS_RESOURCE_H 1
| #define HAVE_SYS_STAT_H 1
| #define HAVE_SYS_TYPES_H 1
| #define HAVE_UNISTD_H 1
| #define HAVE_FCNTL 1
| #define HAVE_FDOPEN 1
| #define HAVE_FILENO 1
| #define HAVE_GETGID 1
| #define HAVE_GETPAGESIZE 1
| #define HAVE_GETRLIMIT 1
| #define HAVE_GETUID 1
| #define HAVE_SYSCONF 1
| #define HAVE_DECL_BASENAME 1
| #define HAVE_DECL_FFS 1
| #define HAVE_DECL_STPCPY 1
| #define HAVE_DECL_ASPRINTF 1
| #define HAVE_DECL_VASPRINTF 1
| #define HAVE_DECL_STRNLEN 1
| #define HAVE_DECL____LC_CODEPAGE_FUNC 0
| /* end confdefs.h.  */
| #include <stdlib.h>
| int
| main ()
| {
| static  thread_local  int bar;
| 
|   ;
|   return 0;
| }
configure:12302: gcc -c -g -O2      conftest.c >&5
configure:12302: $? = 0
configure:12315: result: _Thread_local
configure:12360: checking for x86_64-unknown-linux-gnu-pkg-config
configure:12393: result: no
configure:12403: checking for pkg-config
configure:12421: found /usr/bin/pkg-config
configure:12433: result: /usr/bin/pkg-config
configure:12458: checking pkg-config is at least version 0.9.0
configure:12461: result: yes
configure:12482: checking for libzstd >= 1.4.0
configure:12489: $PKG_CONFIG --exists --print-errors "libzstd >= 1.4.0"
Package libzstd was not found in the pkg-config search path.
Perhaps you should add the directory containing `libzstd.pc'
to the PKG_CONFIG_PATH environment variable
No package 'libzstd' found
configure:12492: $? = 1
configure:12506: $PKG_CONFIG --exists --print-errors "libzstd >= 1.4.0"
Package libzstd was not found in the pkg-config search path.
Perhaps you should add the directory containing `libzstd.pc'
to the PKG_CONFIG_PATH environment variable
No package 'libzstd' found
configure:12509: $? = 1
configure:12547: result: no
No package 'libzstd' found
configure:12593: checking compiler support for hidden visibility
configure:12611: gcc -c -g -O2     -Werror  conftest.c >&5
configure:12611: $? = 0
configure:12618: result: yes
configure:12628: checking linker --as-needed support
configure:12639: result: yes
configure:12730: checking for cos in -lm
configure:12755: gcc -o conftest -g -O2        conftest.c -lm  -ldl  >&5
conftest.c:66:6: warning: conflicting types for built-in function 'cos'; expected 'double(double)' [-Wbuiltin-declaration-mismatch]
   66 | char cos ();
      |      ^~~
conftest.c:1:1: note: 'cos' is declared in header '<math.h>'
    1 | /* confdefs.h */
configure:12755: $? = 0
configure:12764: result: yes
configure:13272: checking for gcc version with buggy 64-bit support
configure:13285: result: no
configure:14294: checking for ftello
configure:14294: gcc -o conftest -g -O2        conftest.c -ldl  >&5
configure:14294: $? = 0
configure:14294: result: yes
configure:14294: checking for ftello64
configure:14294: gcc -o conftest -g -O2        conftest.c -ldl  >&5
configure:14294: $? = 0
configure:14294: result: yes
configure:14294: checking for fseeko
configure:14294: gcc -o conftest -g -O2        conftest.c -ldl  >&5
configure:14294: $? = 0
configure:14294: result: yes
configure:14294: checking for fseeko64
configure:14294: gcc -o conftest -g -O2        conftest.c -ldl  >&5
configure:14294: $? = 0
configure:14294: result: yes
configure:14294: checking for fopen64
configure:14294: gcc -o conftest -g -O2        conftest.c -ldl  >&5
configure:14294: $? = 0
configure:14294: result: yes
configure:14303: checking whether ftello is declared
configure:14303: gcc -c -g -O2      conftest.c >&5
configure:14303: $? = 0
configure:14303: result: yes
configure:14313: checking whether ftello64 is declared
configure:14313: gcc -c -g -O2      conftest.c >&5
configure:14313: $? = 0
configure:14313: result: yes
configure:14323: checking whether fseeko is declared
configure:14323: gcc -c -g -O2      conftest.c >&5
configure:14323: $? = 0
configure:14323: result: yes
configure:14333: checking whether fseeko64 is declared
configure:14333: gcc -c -g -O2      conftest.c >&5
configure:14333: $? = 0
configure:14333: result: yes
configure:14343: checking whether fopen64 is declared
configure:14343: gcc -c -g -O2      conftest.c >&5
configure:14343: $? = 0
configure:14343: result: yes
configure:14359: checking size of off_t
configure:14364: gcc -o conftest -g -O2        conftest.c -ldl  >&5
configure:14364: $? = 0
configure:14364: ./conftest
configure:14364: $? = 0
configure:14378: result: 8
configure:14389: checking file_ptr type
configure:14398: result: int64_t
configure:14409: checking for stdlib.h
configure:14409: result: yes
configure:14409: checking for unistd.h
configure:14409: result: yes
configure:14409: checking for sys/param.h
configure:14409: gcc -c -g -O2      conftest.c >&5
configure:14409: $? = 0
configure:14409: result: yes
configure:14429: checking for getpagesize
configure:14429: result: yes
configure:14438: checking for working mmap
configure:14585: gcc -o conftest -g -O2        conftest.c -ldl  >&5
configure:14585: $? = 0
configure:14585: ./conftest
configure:14585: $? = 0
configure:14595: result: yes
configure:14607: checking for madvise
configure:14607: gcc -o conftest -g -O2        conftest.c -ldl  >&5
configure:14607: $? = 0
configure:14607: result: yes
configure:14607: checking for mprotect
configure:14607: gcc -o conftest -g -O2        conftest.c -ldl  >&5
configure:14607: $? = 0
configure:14607: result: yes
configure:14690: updating cache ./config.cache
configure:14734: checking that generated files are newer than configure
configure:14740: result: done
configure:14784: creating ./config.status

## ---------------------- ##
## Running config.status. ##
## ---------------------- ##

This file was extended by bfd config.status 2.42, which was
generated by GNU Autoconf 2.69.  Invocation command line was

  CONFIG_FILES    = 
  CONFIG_HEADERS  = 
  CONFIG_LINKS    = 
  CONFIG_COMMANDS = 
  $ ./config.status 

on codespaces-2cc13b

config.status:1215: creating Makefile
config.status:1215: creating bfd-in3.h
config.status:1215: creating po/Makefile.in
config.status:1215: creating config.h
config.status:1429: executing depfiles commands
config.status:1429: executing libtool commands
config.status:1429: executing default-1 commands
config.status:1429: executing default-2 commands
config.status:1429: executing default commands

## ---------------- ##
## Cache variables. ##
## ---------------- ##

ac_cv_build=x86_64-unknown-linux-gnu
ac_cv_c_bigendian=no
ac_cv_c_compiler_gnu=yes
ac_cv_env_CC_set=set
ac_cv_env_CC_value=gcc
ac_cv_env_CFLAGS_set=set
ac_cv_env_CFLAGS_value='-g -O2    '
ac_cv_env_CPPFLAGS_set=
ac_cv_env_CPPFLAGS_value=
ac_cv_env_CPP_set=
ac_cv_env_CPP_value=
ac_cv_env_LDFLAGS_set=set
ac_cv_env_LDFLAGS_value=' '
ac_cv_env_LIBS_set=
ac_cv_env_LIBS_value=
ac_cv_env_PKG_CONFIG_LIBDIR_set=
ac_cv_env_PKG_CONFIG_LIBDIR_value=
ac_cv_env_PKG_CONFIG_PATH_set=set
ac_cv_env_PKG_CONFIG_PATH_value=
ac_cv_env_PKG_CONFIG_set=
ac_cv_env_PKG_CONFIG_value=
ac_cv_env_ZSTD_CFLAGS_set=
ac_cv_env_ZSTD_CFLAGS_value=
ac_cv_env_ZSTD_LIBS_set=
ac_cv_env_ZSTD_LIBS_value=
ac_cv_env_build_alias_set=set
ac_cv_env_build_alias_value=x86_64-unknown-linux-gnu
ac_cv_env_host_alias_set=set
ac_cv_env_host_alias_value=x86_64-unknown-linux-gnu
ac_cv_env_target_alias_set=set
ac_cv_env_target_alias_value=arm-none-eabi
ac_cv_func_dlopen=no
ac_cv_func_fcntl=yes
ac_cv_func_fdopen=yes
ac_cv_func_fileno=yes
ac_cv_func_fls=no
ac_cv_func_fopen64=yes
ac_cv_func_fseeko64=yes
ac_cv_func_fseeko=yes
ac_cv_func_ftello64=yes
ac_cv_func_ftello=yes
ac_cv_func_getgid=yes
ac_cv_func_getpagesize=yes
ac_cv_func_getrlimit=yes
ac_cv_func_getuid=yes
ac_cv_func_madvise=yes
ac_cv_func_mmap_fixed_mapped=yes
ac_cv_func_mprotect=yes
ac_cv_func_shl_load=no
ac_cv_func_sysconf=yes
ac_cv_have_decl____lc_codepage_func=no
ac_cv_have_decl_asprintf=yes
ac_cv_have_decl_basename=yes
ac_cv_have_decl_ffs=yes
ac_cv_have_decl_fopen64=yes
ac_cv_have_decl_fseeko64=yes
ac_cv_have_decl_fseeko=yes
ac_cv_have_decl_ftello64=yes
ac_cv_have_decl_ftello=yes
ac_cv_have_decl_stpcpy=yes
ac_cv_have_decl_strnlen=yes
ac_cv_have_decl_vasprintf=yes
ac_cv_header_dlfcn_h=yes
ac_cv_header_fcntl_h=yes
ac_cv_header_inttypes_h=yes
ac_cv_header_memory_h=yes
ac_cv_header_minix_config_h=no
ac_cv_header_stdc=yes
ac_cv_header_stdint_h=yes
ac_cv_header_stdlib_h=yes
ac_cv_header_string_h=yes
ac_cv_header_strings_h=yes
ac_cv_header_sys_file_h=yes
ac_cv_header_sys_param_h=yes
ac_cv_header_sys_resource_h=yes
ac_cv_header_sys_stat_h=yes
ac_cv_header_sys_types_h=yes
ac_cv_header_unistd_h=yes
ac_cv_header_windows_h=no
ac_cv_host=x86_64-unknown-linux-gnu
ac_cv_lib_dl_dlopen=yes
ac_cv_lib_dld_shl_load=no
ac_cv_lib_m_cos=yes
ac_cv_objext=o
ac_cv_path_EGREP='/usr/bin/grep -E'
ac_cv_path_FGREP='/usr/bin/grep -F'
ac_cv_path_GMSGFMT=/usr/bin/msgfmt
ac_cv_path_GREP=/usr/bin/grep
ac_cv_path_MSGFMT=/usr/bin/msgfmt
ac_cv_path_MSGMERGE=/usr/bin/msgmerge
ac_cv_path_SED=/usr/bin/sed
ac_cv_path_XGETTEXT=/usr/bin/xgettext
ac_cv_path_ac_pt_PKG_CONFIG=/usr/bin/pkg-config
ac_cv_path_mkdir=/usr/bin/mkdir
ac_cv_prog_AR='ar --plugin /usr/lib/gcc/x86_64-linux-gnu/9/liblto_plugin.so'
ac_cv_prog_AWK=gawk
ac_cv_prog_CC=gcc
ac_cv_prog_CPP='gcc -E'
ac_cv_prog_OBJDUMP=objdump
ac_cv_prog_RANLIB='ranlib --plugin /usr/lib/gcc/x86_64-linux-gnu/9/liblto_plugin.so'
ac_cv_prog_ac_ct_STRIP=strip
ac_cv_prog_cc_c89=
ac_cv_prog_cc_g=yes
ac_cv_prog_make__usr_bin_make_set=yes
ac_cv_safe_to_define___extensions__=yes
ac_cv_search_dlsym=-ldl
ac_cv_sizeof_int=4
ac_cv_sizeof_long=8
ac_cv_sizeof_long_long=8
ac_cv_sizeof_off_t=8
ac_cv_sizeof_void_p=8
ac_cv_sys_file_offset_bits=no
ac_cv_sys_largefile_CC=no
ac_cv_target=arm-none-eabi
ac_cv_tls=_Thread_local
acl_cv_hardcode_direct=no
acl_cv_hardcode_libdir_flag_spec='${wl}-rpath ${wl}$libdir'
acl_cv_hardcode_libdir_separator=
acl_cv_hardcode_minus_L=no
acl_cv_libext=a
acl_cv_path_LD='ld -m elf_x86_64'
acl_cv_prog_gnu_ld=yes
acl_cv_rpath=done
acl_cv_shlibext=so
acl_cv_wl=-Wl,
am_cv_CC_dependencies_compiler_type=gcc3
am_cv_make_support_nested_variables=yes
am_cv_prog_cc_c_o=yes
bfd_cv_hidden=yes
bfd_cv_ld_as_needed=yes
gt_cv_func_CFLocaleCopyPreferredLanguages=no
gt_cv_func_CFPreferencesCopyAppValue=no
lt_cv_deplibs_check_method=pass_all
lt_cv_dlopen=dlopen
lt_cv_dlopen_libs=-ldl
lt_cv_dlopen_self=yes
lt_cv_dlopen_self_static=no
lt_cv_file_magic_cmd='$MAGIC_CMD'
lt_cv_file_magic_test_file=
lt_cv_ld_reload_flag=-r
lt_cv_nm_interface='BSD nm'
lt_cv_objdir=.libs
lt_cv_path_LD=ld
lt_cv_path_NM='/usr/bin/nm -B'
lt_cv_prog_compiler_c_o=yes
lt_cv_prog_compiler_pic_works=yes
lt_cv_prog_compiler_rtti_exceptions=no
lt_cv_prog_compiler_static_works=yes
lt_cv_prog_gnu_ld=yes
lt_cv_shlibpath_overrides_runpath=yes
lt_cv_sys_global_symbol_pipe='sed -n -e '\''s/^.*[	 ]\([ABCDGIRSTW][ABCDGIRSTW]*\)[	 ][	 ]*\([_A-Za-z][_A-Za-z0-9]*\)$/\1 \2 \2/p'\'''
lt_cv_sys_global_symbol_to_c_name_address='sed -n -e '\''s/^: \([^ ]*\) $/  {\"\1\", (void *) 0},/p'\'' -e '\''s/^[ABCDGIRSTW]* \([^ ]*\) \([^ ]*\)$/  {"\2", (void *) \&\2},/p'\'''
lt_cv_sys_global_symbol_to_c_name_address_lib_prefix='sed -n -e '\''s/^: \([^ ]*\) $/  {\"\1\", (void *) 0},/p'\'' -e '\''s/^[ABCDGIRSTW]* \([^ ]*\) \(lib[^ ]*\)$/  {"\2", (void *) \&\2},/p'\'' -e '\''s/^[ABCDGIRSTW]* \([^ ]*\) \([^ ]*\)$/  {"lib\2", (void *) \&\2},/p'\'''
lt_cv_sys_global_symbol_to_cdecl='sed -n -e '\''s/^T .* \(.*\)$/extern int \1();/p'\'' -e '\''s/^[ABCDGIRSTW]* .* \(.*\)$/extern char \1;/p'\'''
lt_cv_sys_max_cmd_len=1572864

## ----------------- ##
## Output variables. ##
## ----------------- ##

ACLOCAL='${SHELL} /workspaces/http-ftp/devkitpro/.devkitARM/binutils-2.42/missing aclocal-1.15'
AMDEPBACKSLASH='\'
AMDEP_FALSE='#'
AMDEP_TRUE=''
AMTAR='$${TAR-tar}'
AM_BACKSLASH='\'
AM_DEFAULT_V='$(AM_DEFAULT_VERBOSITY)'
AM_DEFAULT_VERBOSITY='0'
AM_V='$(V)'
AR='ar --plugin /usr/lib/gcc/x86_64-linux-gnu/9/liblto_plugin.so --plugin /usr/lib/gcc/x86_64-linux-gnu/9/liblto_plugin.so'
AUTOCONF='${SHELL} /workspaces/http-ftp/devkitpro/.devkitARM/binutils-2.42/missing autoconf'
AUTOHEADER='${SHELL} /workspaces/http-ftp/devkitpro/.devkitARM/binutils-2.42/missing autoheader'
AUTOMAKE='${SHELL} /workspaces/http-ftp/devkitpro/.devkitARM/binutils-2.42/missing automake-1.15'
AWK='gawk'
CATALOGS=''
CATOBJEXT=''
CC='gcc'
CCDEPMODE='depmode=gcc3'
CC_FOR_BUILD='gcc'
CFLAGS='-g -O2    '
COREFILE=''
COREFLAG=''
CPP='gcc -E'
CPPFLAGS=''
CYGPATH_W='echo'
DATADIRNAME=''
DEBUGDIR='${exec_prefix}/lib/debug'
DEFS='-DHAVE_CONFIG_H'
DEPDIR='.deps'
DSYMUTIL='dsymutil'
DUMPBIN=''
ECHO_C=''
ECHO_N='-n'
ECHO_T=''
EGREP='/usr/bin/grep -E'
ENABLE_BFD_64_BIT_FALSE='#'
ENABLE_BFD_64_BIT_TRUE=''
EXEEXT=''
EXEEXT_FOR_BUILD='$(EXEEXT)'
FGREP='/usr/bin/grep -F'
GENCAT=''
GENINSRC_NEVER_FALSE=''
GENINSRC_NEVER_TRUE='#'
GMSGFMT='/usr/bin/msgfmt'
GREP='/usr/bin/grep'
HDEFINES=''
INCINTL=''
INSTALL_DATA='/usr/bin/install -c -m 644'
INSTALL_LIBBFD_FALSE=''
INSTALL_LIBBFD_TRUE='#'
INSTALL_PROGRAM='/usr/bin/install -c'
INSTALL_SCRIPT='/usr/bin/install -c'
INSTALL_STRIP_PROGRAM='$(install_sh) -c -s'
INSTOBJEXT=''
INTLLIBS=''
INTL_MACOSX_LIBS=''
LARGEFILE_CPPFLAGS=''
LD='ld -m elf_x86_64'
LDFLAGS=' '
LIBICONV='-liconv'
LIBINTL=''
LIBINTL_DEP=''
LIBM='-lm'
LIBOBJS=''
LIBS='-ldl '
LIBTOOL='$(SHELL) $(top_builddir)/libtool'
LIPO=''
LN_S='ln -s'
LTLIBICONV='-liconv'
LTLIBINTL=''
LTLIBOBJS=''
MAINT='#'
MAINTAINER_MODE_FALSE=''
MAINTAINER_MODE_TRUE='#'
MAKEINFO='/workspaces/http-ftp/devkitpro/.devkitARM/binutils-2.42/missing makeinfo --split-size=5000000'
MKDIR_P='/usr/bin/mkdir -p'
MKINSTALLDIRS='$(top_builddir)/../../../binutils-2.42/bfd/../mkinstalldirs'
MSGFMT='/usr/bin/msgfmt'
MSGMERGE='/usr/bin/msgmerge'
NM='/usr/bin/nm -B'
NMEDIT=''
NO_WERROR=''
OBJDUMP='objdump'
OBJEXT='o'
OTOOL64=''
OTOOL='otool'
PACKAGE='bfd'
PACKAGE_BUGREPORT=''
PACKAGE_NAME='bfd'
PACKAGE_STRING='bfd 2.42'
PACKAGE_TARNAME='bfd'
PACKAGE_URL=''
PACKAGE_VERSION='2.42'
PATH_SEPARATOR=':'
PKGVERSION='(GNU Binutils) '
PKG_CONFIG='/usr/bin/pkg-config'
PKG_CONFIG_LIBDIR=''
PKG_CONFIG_PATH=''
PLUGINS_FALSE='#'
PLUGINS_TRUE=''
POSUB=''
RANLIB='ranlib --plugin /usr/lib/gcc/x86_64-linux-gnu/9/liblto_plugin.so --plugin /usr/lib/gcc/x86_64-linux-gnu/9/liblto_plugin.so'
REPORT_BUGS_TEXI='@uref{https://sourceware.org/bugzilla/}'
REPORT_BUGS_TO='<https://sourceware.org/bugzilla/>'
SED='/usr/bin/sed'
SET_MAKE=''
SHARED_LDFLAGS=''
SHARED_LIBADD=' '
SHELL='/bin/bash'
STRIP='strip'
TDEFINES=' '
USE_NLS='no'
VERSION='2.42'
WARN_CFLAGS='-W -Wall -Wstrict-prototypes -Wmissing-prototypes -Wshadow -Wstack-usage=262144'
WARN_CFLAGS_FOR_BUILD='-W -Wall -Wstrict-prototypes -Wmissing-prototypes -Wshadow -Wstack-usage=262144'
WARN_WRITE_STRINGS='-Wwrite-strings'
XGETTEXT='/usr/bin/xgettext'
ZSTD_CFLAGS=''
ZSTD_LIBS=''
ac_ct_CC=''
ac_ct_DUMPBIN=''
all_backends='$(BFD64_BACKENDS) $(BFD32_BACKENDS)'
am__EXEEXT_FALSE=''
am__EXEEXT_TRUE='#'
am__fastdepCC_FALSE='#'
am__fastdepCC_TRUE=''
am__include='include'
am__isrc=' -I$(srcdir)'
am__leading_dot='.'
am__nodep='_no'
am__quote=''
am__tar='$${TAR-tar} chof - "$$tardir"'
am__untar='$${TAR-tar} xf -'
bfd64_libs='$(BFD64_LIBS)'
bfd_backends=' elf32-arm.lo elf32.lo elf-nacl.lo elf-vxworks.lo elf.lo elflink.lo elf-attrs.lo elf-strtab.lo elf-eh-frame.lo elf-sframe.lo dwarf1.lo dwarf2.lo elf32-gen.lo plugin.lo'
bfd_default_target_size='32'
bfd_file_ptr='int64_t'
bfd_machines=' cpu-arm.lo'
bfd_ufile_ptr='uint64_t'
bfdincludedir='$(exec_prefix)/$(host_noncanonical)/$(target_noncanonical)/include'
bfdlibdir='$(exec_prefix)/$(host_noncanonical)/$(target_noncanonical)/lib'
bindir='${exec_prefix}/bin'
build='x86_64-unknown-linux-gnu'
build_alias='x86_64-unknown-linux-gnu'
build_cpu='x86_64'
build_os='linux-gnu'
build_vendor='unknown'
datadir='${datarootdir}'
datarootdir='${prefix}/share'
docdir='${datarootdir}/doc/${PACKAGE_TARNAME}'
dvidir='${docdir}'
exec_prefix='${prefix}'
havevecs='-DHAVE_arm_elf32_le_vec -DHAVE_arm_elf32_fdpic_le_vec -DHAVE_arm_elf32_be_vec -DHAVE_arm_elf32_fdpic_be_vec -DHAVE_elf32_le_vec -DHAVE_elf32_be_vec'
host='x86_64-unknown-linux-gnu'
host_alias='x86_64-unknown-linux-gnu'
host_cpu='x86_64'
host_noncanonical='x86_64-unknown-linux-gnu'
host_os='linux-gnu'
host_vendor='unknown'
htmldir='${docdir}'
includedir='${prefix}/include'
infodir='${datarootdir}/info'
install_sh='${SHELL} /workspaces/http-ftp/devkitpro/.devkitARM/binutils-2.42/install-sh'
libdir='${exec_prefix}/lib'
libexecdir='${exec_prefix}/libexec'
localedir='${datarootdir}/locale'
localstatedir='${prefix}/var'
lt_cv_dlopen_libs='-ldl'
mandir='${datarootdir}/man'
mkdir_p='$(MKDIR_P)'
oldincludedir='/usr/include'
pdfdir='${docdir}'
prefix='/opt/devkitpro/devkitARM'
program_transform_name='s&^&arm-none-eabi-&'
psdir='${docdir}'
sbindir='${exec_prefix}/sbin'
sharedstatedir='${prefix}/com'
supports_plugins='1'
sysconfdir='${prefix}/etc'
target='arm-none-eabi'
target_alias='arm-none-eabi'
target_cpu='arm'
target_noncanonical='arm-none-eabi'
target_os='eabi'
target_vendor='none'
tdefaults=' -DDEFAULT_VECTOR=arm_elf32_le_vec -DSELECT_VECS='\''&arm_elf32_le_vec,&arm_elf32_fdpic_le_vec,&arm_elf32_be_vec,&arm_elf32_fdpic_be_vec,&elf32_le_vec,&elf32_be_vec'\'' -DSELECT_ARCHITECTURES='\''&bfd_arm_arch'\'''
wordsize='64'
zlibdir='-L$(top_builddir)/../zlib'
zlibinc='-I$(top_srcdir)/../zlib'

## ----------- ##
## confdefs.h. ##
## ----------- ##

/* confdefs.h */
#define PACKAGE_NAME "bfd"
#define PACKAGE_TARNAME "bfd"
#define PACKAGE_VERSION "2.42"
#define PACKAGE_STRING "bfd 2.42"
#define PACKAGE_BUGREPORT ""
#define PACKAGE_URL ""
#define PACKAGE "bfd"
#define VERSION "2.42"
#define STDC_HEADERS 1
#define HAVE_SYS_TYPES_H 1
#define HAVE_SYS_STAT_H 1
#define HAVE_STDLIB_H 1
#define HAVE_STRING_H 1
#define HAVE_MEMORY_H 1
#define HAVE_STRINGS_H 1
#define HAVE_INTTYPES_H 1
#define HAVE_STDINT_H 1
#define HAVE_UNISTD_H 1
#define __EXTENSIONS__ 1
#define _ALL_SOURCE 1
#define _GNU_SOURCE 1
#define _POSIX_PTHREAD_SEMANTICS 1
#define _TANDEM_SOURCE 1
#define HAVE_DLFCN_H 1
#define LT_OBJDIR ".libs/"
#define HAVE_DLFCN_H 1
#define SIZEOF_VOID_P 8
#define USE_SECUREPLT 1
#define DEFAULT_LD_Z_SEPARATE_CODE 0
#define SIZEOF_LONG_LONG 8
#define SIZEOF_VOID_P 8
#define SIZEOF_LONG 8
#define SIZEOF_INT 4
#define HAVE_FCNTL_H 1
#define HAVE_SYS_FILE_H 1
#define HAVE_SYS_RESOURCE_H 1
#define HAVE_SYS_STAT_H 1
#define HAVE_SYS_TYPES_H 1
#define HAVE_UNISTD_H 1
#define HAVE_FCNTL 1
#define HAVE_FDOPEN 1
#define HAVE_FILENO 1
#define HAVE_GETGID 1
#define HAVE_GETPAGESIZE 1
#define HAVE_GETRLIMIT 1
#define HAVE_GETUID 1
#define HAVE_SYSCONF 1
#define HAVE_DECL_BASENAME 1
#define HAVE_DECL_FFS 1
#define HAVE_DECL_STPCPY 1
#define HAVE_DECL_ASPRINTF 1
#define HAVE_DECL_VASPRINTF 1
#define HAVE_DECL_STRNLEN 1
#define HAVE_DECL____LC_CODEPAGE_FUNC 0
#define TLS _Thread_local
#define HAVE_HIDDEN 1
#define HAVE_FTELLO 1
#define HAVE_FTELLO64 1
#define HAVE_FSEEKO 1
#define HAVE_FSEEKO64 1
#define HAVE_FOPEN64 1
#define HAVE_DECL_FTELLO 1
#define HAVE_DECL_FTELLO64 1
#define HAVE_DECL_FSEEKO 1
#define HAVE_DECL_FSEEKO64 1
#define HAVE_DECL_FOPEN64 1
#define SIZEOF_OFF_T 8
#define HAVE_STDLIB_H 1
#define HAVE_UNISTD_H 1
#define HAVE_SYS_PARAM_H 1
#define HAVE_GETPAGESIZE 1
#define HAVE_MMAP 1
#define HAVE_MADVISE 1
#define HAVE_MPROTECT 1

configure: exit 0

## ---------------------- ##
## Running config.status. ##
## ---------------------- ##

This file was extended by bfd config.status 2.42, which was
generated by GNU Autoconf 2.69.  Invocation command line was

  CONFIG_FILES    = po/Makefile.in:po/Make-in
  CONFIG_HEADERS  = 
  CONFIG_LINKS    = 
  CONFIG_COMMANDS = 
  $ ./config.status 

on codespaces-2cc13b

config.status:1215: creating po/Makefile.in
config.status:1429: executing depfiles commands
config.status:1429: executing libtool commands
config.status:1429: executing default-1 commands
config.status:1429: executing default-2 commands
config.status:1429: executing default commands
